{"/Users/tn7bijh/Documents/SOLO/MVP/demo-talk-ai/gotta-match-em-all/src/App.css": {"path":"/Users/tn7bijh/Documents/SOLO/MVP/demo-talk-ai/gotta-match-em-all/src/App.css","statementMap":{},"fnMap":{},"branchMap":{},"s":{},"f":{},"b":{},"meta":{"lastBranch":0,"lastFunction":0,"lastStatement":0,"seen":{}}}
,"/Users/tn7bijh/Documents/SOLO/MVP/demo-talk-ai/gotta-match-em-all/src/App.tsx": {"path":"/Users/tn7bijh/Documents/SOLO/MVP/demo-talk-ai/gotta-match-em-all/src/App.tsx","statementMap":{"0":{"start":{"line":18,"column":38},"end":{"line":18,"column":null}},"1":{"start":{"line":19,"column":40},"end":{"line":19,"column":null}},"2":{"start":{"line":31,"column":2},"end":{"line":31,"column":null}},"3":{"start":{"line":40,"column":2},"end":{"line":40,"column":null}},"4":{"start":{"line":42,"column":34},"end":{"line":42,"column":null}},"5":{"start":{"line":45,"column":2},"end":{"line":45,"column":null}},"6":{"start":{"line":48,"column":2},"end":{"line":55,"column":null}},"7":{"start":{"line":49,"column":25},"end":{"line":49,"column":null}},"8":{"start":{"line":50,"column":4},"end":{"line":54,"column":null}},"9":{"start":{"line":51,"column":6},"end":{"line":51,"column":null}},"10":{"start":{"line":53,"column":6},"end":{"line":53,"column":null}},"11":{"start":{"line":58,"column":2},"end":{"line":62,"column":null}},"12":{"start":{"line":59,"column":4},"end":{"line":61,"column":null}},"13":{"start":{"line":60,"column":6},"end":{"line":60,"column":null}},"14":{"start":{"line":64,"column":29},"end":{"line":80,"column":null}},"15":{"start":{"line":65,"column":4},"end":{"line":79,"column":null}},"16":{"start":{"line":66,"column":6},"end":{"line":66,"column":null}},"17":{"start":{"line":68,"column":6},"end":{"line":70,"column":null}},"18":{"start":{"line":69,"column":8},"end":{"line":69,"column":null}},"19":{"start":{"line":72,"column":6},"end":{"line":72,"column":null}},"20":{"start":{"line":73,"column":19},"end":{"line":73,"column":null}},"21":{"start":{"line":74,"column":6},"end":{"line":74,"column":null}},"22":{"start":{"line":76,"column":6},"end":{"line":76,"column":null}},"23":{"start":{"line":77,"column":6},"end":{"line":77,"column":null}},"24":{"start":{"line":78,"column":6},"end":{"line":78,"column":null}},"25":{"start":{"line":82,"column":22},"end":{"line":91,"column":null}},"26":{"start":{"line":83,"column":4},"end":{"line":90,"column":null}},"27":{"start":{"line":84,"column":6},"end":{"line":84,"column":null}},"28":{"start":{"line":85,"column":19},"end":{"line":85,"column":null}},"29":{"start":{"line":86,"column":6},"end":{"line":86,"column":null}},"30":{"start":{"line":88,"column":6},"end":{"line":88,"column":null}},"31":{"start":{"line":89,"column":6},"end":{"line":89,"column":null}},"32":{"start":{"line":93,"column":27},"end":{"line":95,"column":null}},"33":{"start":{"line":94,"column":4},"end":{"line":94,"column":null}},"34":{"start":{"line":98,"column":2},"end":{"line":127,"column":null}},"35":{"start":{"line":101,"column":4},"end":{"line":110,"column":null}},"36":{"start":{"line":102,"column":6},"end":{"line":102,"column":null}},"37":{"start":{"line":103,"column":6},"end":{"line":103,"column":null}},"38":{"start":{"line":104,"column":4},"end":{"line":110,"column":null}},"39":{"start":{"line":105,"column":6},"end":{"line":105,"column":null}},"40":{"start":{"line":106,"column":6},"end":{"line":106,"column":null}},"41":{"start":{"line":108,"column":6},"end":{"line":108,"column":null}},"42":{"start":{"line":109,"column":6},"end":{"line":109,"column":null}},"43":{"start":{"line":113,"column":35},"end":{"line":122,"column":null}},"44":{"start":{"line":124,"column":4},"end":{"line":124,"column":null}},"45":{"start":{"line":125,"column":4},"end":{"line":125,"column":null}},"46":{"start":{"line":126,"column":4},"end":{"line":126,"column":null}},"47":{"start":{"line":129,"column":2},"end":{"line":208,"column":null}},"48":{"start":{"line":146,"column":29},"end":{"line":146,"column":null}},"49":{"start":{"line":166,"column":31},"end":{"line":166,"column":null}},"50":{"start":{"line":168,"column":34},"end":{"line":168,"column":null}},"51":{"start":{"line":178,"column":23},"end":{"line":178,"column":null}},"52":{"start":{"line":197,"column":10},"end":{"line":197,"column":null}},"53":{"start":{"line":198,"column":10},"end":{"line":198,"column":null}},"54":{"start":{"line":200,"column":23},"end":{"line":200,"column":null}}},"fnMap":{"0":{"name":"App","decl":{"start":{"line":17,"column":9},"end":{"line":17,"column":15}},"loc":{"start":{"line":17,"column":15},"end":{"line":210,"column":null}},"line":17},"1":{"name":"(anonymous_1)","decl":{"start":{"line":48,"column":12},"end":{"line":48,"column":18}},"loc":{"start":{"line":48,"column":18},"end":{"line":55,"column":5}},"line":48},"2":{"name":"(anonymous_2)","decl":{"start":{"line":58,"column":12},"end":{"line":58,"column":18}},"loc":{"start":{"line":58,"column":18},"end":{"line":62,"column":5}},"line":58},"3":{"name":"(anonymous_3)","decl":{"start":{"line":64,"column":29},"end":{"line":64,"column":36}},"loc":{"start":{"line":64,"column":59},"end":{"line":80,"column":null}},"line":64},"4":{"name":"(anonymous_4)","decl":{"start":{"line":82,"column":22},"end":{"line":82,"column":34}},"loc":{"start":{"line":82,"column":34},"end":{"line":91,"column":null}},"line":82},"5":{"name":"(anonymous_5)","decl":{"start":{"line":93,"column":27},"end":{"line":93,"column":28}},"loc":{"start":{"line":93,"column":50},"end":{"line":95,"column":null}},"line":93},"6":{"name":"(anonymous_6)","decl":{"start":{"line":146,"column":23},"end":{"line":146,"column":29}},"loc":{"start":{"line":146,"column":29},"end":{"line":146,"column":null}},"line":146},"7":{"name":"(anonymous_7)","decl":{"start":{"line":166,"column":25},"end":{"line":166,"column":31}},"loc":{"start":{"line":166,"column":31},"end":{"line":166,"column":null}},"line":166},"8":{"name":"(anonymous_8)","decl":{"start":{"line":168,"column":28},"end":{"line":168,"column":34}},"loc":{"start":{"line":168,"column":34},"end":{"line":168,"column":null}},"line":168},"9":{"name":"(anonymous_9)","decl":{"start":{"line":178,"column":17},"end":{"line":178,"column":23}},"loc":{"start":{"line":178,"column":23},"end":{"line":178,"column":null}},"line":178},"10":{"name":"(anonymous_10)","decl":{"start":{"line":196,"column":19},"end":{"line":196,"column":25}},"loc":{"start":{"line":196,"column":25},"end":{"line":199,"column":null}},"line":196},"11":{"name":"(anonymous_11)","decl":{"start":{"line":200,"column":17},"end":{"line":200,"column":23}},"loc":{"start":{"line":200,"column":23},"end":{"line":200,"column":null}},"line":200}},"branchMap":{"0":{"loc":{"start":{"line":50,"column":4},"end":{"line":54,"column":null}},"type":"if","locations":[{"start":{"line":50,"column":4},"end":{"line":54,"column":null}},{"start":{"line":52,"column":11},"end":{"line":54,"column":null}}],"line":50},"1":{"loc":{"start":{"line":59,"column":4},"end":{"line":61,"column":null}},"type":"if","locations":[{"start":{"line":59,"column":4},"end":{"line":61,"column":null}},{"start":{},"end":{}}],"line":59},"2":{"loc":{"start":{"line":68,"column":6},"end":{"line":70,"column":null}},"type":"if","locations":[{"start":{"line":68,"column":6},"end":{"line":70,"column":null}},{"start":{},"end":{}}],"line":68},"3":{"loc":{"start":{"line":73,"column":38},"end":{"line":73,"column":67}},"type":"binary-expr","locations":[{"start":{"line":73,"column":38},"end":{"line":73,"column":51}},{"start":{"line":73,"column":51},"end":{"line":73,"column":67}}],"line":73},"4":{"loc":{"start":{"line":98,"column":2},"end":{"line":127,"column":null}},"type":"if","locations":[{"start":{"line":98,"column":2},"end":{"line":127,"column":null}},{"start":{},"end":{}}],"line":98},"5":{"loc":{"start":{"line":98,"column":6},"end":{"line":98,"column":83}},"type":"binary-expr","locations":[{"start":{"line":98,"column":6},"end":{"line":98,"column":30}},{"start":{"line":98,"column":30},"end":{"line":98,"column":67}},{"start":{"line":98,"column":67},"end":{"line":98,"column":83}}],"line":98},"6":{"loc":{"start":{"line":101,"column":4},"end":{"line":110,"column":null}},"type":"if","locations":[{"start":{"line":101,"column":4},"end":{"line":110,"column":null}},{"start":{"line":104,"column":4},"end":{"line":110,"column":null}}],"line":101},"7":{"loc":{"start":{"line":104,"column":4},"end":{"line":110,"column":null}},"type":"if","locations":[{"start":{"line":104,"column":4},"end":{"line":110,"column":null}},{"start":{"line":107,"column":11},"end":{"line":110,"column":null}}],"line":104},"8":{"loc":{"start":{"line":121,"column":14},"end":{"line":121,"column":null}},"type":"cond-expr","locations":[{"start":{"line":121,"column":37},"end":{"line":121,"column":41}},{"start":{"line":121,"column":41},"end":{"line":121,"column":null}}],"line":121},"9":{"loc":{"start":{"line":121,"column":41},"end":{"line":121,"column":null}},"type":"cond-expr","locations":[{"start":{"line":121,"column":64},"end":{"line":121,"column":68}},{"start":{"line":121,"column":68},"end":{"line":121,"column":null}}],"line":121},"10":{"loc":{"start":{"line":141,"column":9},"end":{"line":151,"column":null}},"type":"binary-expr","locations":[{"start":{"line":141,"column":9},"end":{"line":141,"column":null}},{"start":{"line":142,"column":10},"end":{"line":151,"column":null}}],"line":141},"11":{"loc":{"start":{"line":154,"column":9},"end":{"line":158,"column":null}},"type":"binary-expr","locations":[{"start":{"line":154,"column":9},"end":{"line":154,"column":null}},{"start":{"line":155,"column":10},"end":{"line":158,"column":null}}],"line":154},"12":{"loc":{"start":{"line":158,"column":10},"end":{"line":172,"column":null}},"type":"binary-expr","locations":[{"start":{"line":161,"column":10},"end":{"line":161,"column":34}},{"start":{"line":161,"column":34},"end":{"line":161,"column":null}},{"start":{"line":162,"column":10},"end":{"line":172,"column":null}}],"line":158},"13":{"loc":{"start":{"line":186,"column":10},"end":{"line":190,"column":null}},"type":"cond-expr","locations":[{"start":{"line":187,"column":14},"end":{"line":187,"column":null}},{"start":{"line":188,"column":14},"end":{"line":190,"column":null}}],"line":186},"14":{"loc":{"start":{"line":188,"column":14},"end":{"line":190,"column":null}},"type":"cond-expr","locations":[{"start":{"line":189,"column":14},"end":{"line":189,"column":null}},{"start":{"line":190,"column":14},"end":{"line":190,"column":null}}],"line":188},"15":{"loc":{"start":{"line":203,"column":7},"end":{"line":206,"column":null}},"type":"binary-expr","locations":[{"start":{"line":203,"column":7},"end":{"line":203,"column":null}},{"start":{"line":204,"column":8},"end":{"line":206,"column":null}}],"line":203}},"s":{"0":7,"1":7,"2":7,"3":7,"4":7,"5":7,"6":7,"7":2,"8":2,"9":0,"10":2,"11":7,"12":4,"13":3,"14":7,"15":1,"16":1,"17":1,"18":1,"19":1,"20":1,"21":1,"22":0,"23":0,"24":0,"25":7,"26":0,"27":0,"28":0,"29":0,"30":0,"31":0,"32":7,"33":1,"34":7,"35":0,"36":0,"37":0,"38":0,"39":0,"40":0,"41":0,"42":0,"43":0,"44":0,"45":0,"46":0,"47":7,"48":1,"49":0,"50":0,"51":1,"52":0,"53":0,"54":0},"f":{"0":7,"1":2,"2":4,"3":1,"4":0,"5":1,"6":1,"7":0,"8":0,"9":1,"10":0,"11":0},"b":{"0":[0,2],"1":[3,1],"2":[1,0],"3":[1,0],"4":[0,7],"5":[7,1,0],"6":[0,0],"7":[0,0],"8":[0,0],"9":[0,0],"10":[7,5],"11":[7,1],"12":[7,6,1],"13":[0,7],"14":[0,7],"15":[7,1]},"meta":{"lastBranch":16,"lastFunction":12,"lastStatement":55,"seen":{"f:17:9:17:15":0,"s:18:38:18:Infinity":0,"s:19:40:19:Infinity":1,"s:31:2:31:Infinity":2,"s:40:2:40:Infinity":3,"s:42:34:42:Infinity":4,"s:45:2:45:Infinity":5,"s:48:2:55:Infinity":6,"f:48:12:48:18":1,"s:49:25:49:Infinity":7,"b:50:4:54:Infinity:52:11:54:Infinity":0,"s:50:4:54:Infinity":8,"s:51:6:51:Infinity":9,"s:53:6:53:Infinity":10,"s:58:2:62:Infinity":11,"f:58:12:58:18":2,"b:59:4:61:Infinity:undefined:undefined:undefined:undefined":1,"s:59:4:61:Infinity":12,"s:60:6:60:Infinity":13,"s:64:29:80:Infinity":14,"f:64:29:64:36":3,"s:65:4:79:Infinity":15,"s:66:6:66:Infinity":16,"b:68:6:70:Infinity:undefined:undefined:undefined:undefined":2,"s:68:6:70:Infinity":17,"s:69:8:69:Infinity":18,"s:72:6:72:Infinity":19,"s:73:19:73:Infinity":20,"b:73:38:73:51:73:51:73:67":3,"s:74:6:74:Infinity":21,"s:76:6:76:Infinity":22,"s:77:6:77:Infinity":23,"s:78:6:78:Infinity":24,"s:82:22:91:Infinity":25,"f:82:22:82:34":4,"s:83:4:90:Infinity":26,"s:84:6:84:Infinity":27,"s:85:19:85:Infinity":28,"s:86:6:86:Infinity":29,"s:88:6:88:Infinity":30,"s:89:6:89:Infinity":31,"s:93:27:95:Infinity":32,"f:93:27:93:28":5,"s:94:4:94:Infinity":33,"b:98:2:127:Infinity:undefined:undefined:undefined:undefined":4,"s:98:2:127:Infinity":34,"b:98:6:98:30:98:30:98:67:98:67:98:83":5,"b:101:4:110:Infinity:104:4:110:Infinity":6,"s:101:4:110:Infinity":35,"s:102:6:102:Infinity":36,"s:103:6:103:Infinity":37,"b:104:4:110:Infinity:107:11:110:Infinity":7,"s:104:4:110:Infinity":38,"s:105:6:105:Infinity":39,"s:106:6:106:Infinity":40,"s:108:6:108:Infinity":41,"s:109:6:109:Infinity":42,"s:113:35:122:Infinity":43,"b:121:37:121:41:121:41:121:Infinity":8,"b:121:64:121:68:121:68:121:Infinity":9,"s:124:4:124:Infinity":44,"s:125:4:125:Infinity":45,"s:126:4:126:Infinity":46,"s:129:2:208:Infinity":47,"b:141:9:141:Infinity:142:10:151:Infinity":10,"f:146:23:146:29":6,"s:146:29:146:Infinity":48,"b:154:9:154:Infinity:155:10:158:Infinity":11,"b:161:10:161:34:161:34:161:Infinity:162:10:172:Infinity":12,"f:166:25:166:31":7,"s:166:31:166:Infinity":49,"f:168:28:168:34":8,"s:168:34:168:Infinity":50,"f:178:17:178:23":9,"s:178:23:178:Infinity":51,"b:187:14:187:Infinity:188:14:190:Infinity":13,"b:189:14:189:Infinity:190:14:190:Infinity":14,"f:196:19:196:25":10,"s:197:10:197:Infinity":52,"s:198:10:198:Infinity":53,"f:200:17:200:23":11,"s:200:23:200:Infinity":54,"b:203:7:203:Infinity:204:8:206:Infinity":15}}}
,"/Users/tn7bijh/Documents/SOLO/MVP/demo-talk-ai/gotta-match-em-all/src/components/Card.css": {"path":"/Users/tn7bijh/Documents/SOLO/MVP/demo-talk-ai/gotta-match-em-all/src/components/Card.css","statementMap":{},"fnMap":{},"branchMap":{},"s":{},"f":{},"b":{},"meta":{"lastBranch":0,"lastFunction":0,"lastStatement":0,"seen":{}}}
,"/Users/tn7bijh/Documents/SOLO/MVP/demo-talk-ai/gotta-match-em-all/src/components/Card.tsx": {"path":"/Users/tn7bijh/Documents/SOLO/MVP/demo-talk-ai/gotta-match-em-all/src/components/Card.tsx","statementMap":{"0":{"start":{"line":9,"column":35},"end":{"line":9,"column":null}},"1":{"start":{"line":11,"column":22},"end":{"line":15,"column":null}},"2":{"start":{"line":12,"column":4},"end":{"line":14,"column":null}},"3":{"start":{"line":13,"column":6},"end":{"line":13,"column":null}},"4":{"start":{"line":17,"column":2},"end":{"line":48,"column":null}}},"fnMap":{"0":{"name":"Card","decl":{"start":{"line":8,"column":16},"end":{"line":8,"column":21}},"loc":{"start":{"line":8,"column":42},"end":{"line":50,"column":null}},"line":8},"1":{"name":"(anonymous_1)","decl":{"start":{"line":11,"column":22},"end":{"line":11,"column":28}},"loc":{"start":{"line":11,"column":28},"end":{"line":15,"column":null}},"line":11}},"branchMap":{"0":{"loc":{"start":{"line":12,"column":4},"end":{"line":14,"column":null}},"type":"if","locations":[{"start":{"line":12,"column":4},"end":{"line":14,"column":null}},{"start":{},"end":{}}],"line":12},"1":{"loc":{"start":{"line":12,"column":8},"end":{"line":12,"column":50}},"type":"binary-expr","locations":[{"start":{"line":12,"column":8},"end":{"line":12,"column":35}},{"start":{"line":12,"column":35},"end":{"line":12,"column":50}}],"line":12},"2":{"loc":{"start":{"line":22,"column":10},"end":{"line":22,"column":67}},"type":"cond-expr","locations":[{"start":{"line":22,"column":36},"end":{"line":22,"column":52}},{"start":{"line":22,"column":52},"end":{"line":22,"column":67}}],"line":22},"3":{"loc":{"start":{"line":23,"column":10},"end":{"line":23,"column":56}},"type":"cond-expr","locations":[{"start":{"line":23,"column":37},"end":{"line":23,"column":54}},{"start":{"line":23,"column":54},"end":{"line":23,"column":56}}],"line":23},"4":{"loc":{"start":{"line":38,"column":11},"end":{"line":43,"column":null}},"type":"binary-expr","locations":[{"start":{"line":38,"column":11},"end":{"line":38,"column":null}},{"start":{"line":39,"column":12},"end":{"line":43,"column":null}}],"line":38}},"s":{"0":21,"1":21,"2":2,"3":1,"4":21},"f":{"0":21,"1":2},"b":{"0":[1,1],"1":[2,2],"2":[19,2],"3":[1,20],"4":[21,21]},"meta":{"lastBranch":5,"lastFunction":2,"lastStatement":5,"seen":{"f:8:16:8:21":0,"s:9:35:9:Infinity":0,"s:11:22:15:Infinity":1,"f:11:22:11:28":1,"b:12:4:14:Infinity:undefined:undefined:undefined:undefined":0,"s:12:4:14:Infinity":2,"b:12:8:12:35:12:35:12:50":1,"s:13:6:13:Infinity":3,"s:17:2:48:Infinity":4,"b:22:36:22:52:22:52:22:67":2,"b:23:37:23:54:23:54:23:56":3,"b:38:11:38:Infinity:39:12:43:Infinity":4}}}
,"/Users/tn7bijh/Documents/SOLO/MVP/demo-talk-ai/gotta-match-em-all/src/components/ConfigModal.tsx": {"path":"/Users/tn7bijh/Documents/SOLO/MVP/demo-talk-ai/gotta-match-em-all/src/components/ConfigModal.tsx","statementMap":{"0":{"start":{"line":16,"column":24},"end":{"line":16,"column":null}},"1":{"start":{"line":18,"column":21},"end":{"line":21,"column":null}},"2":{"start":{"line":19,"column":4},"end":{"line":19,"column":null}},"3":{"start":{"line":20,"column":4},"end":{"line":20,"column":null}},"4":{"start":{"line":23,"column":2},"end":{"line":23,"column":null}},"5":{"start":{"line":23,"column":15},"end":{"line":23,"column":null}},"6":{"start":{"line":25,"column":2},"end":{"line":92,"column":null}},"7":{"start":{"line":27,"column":53},"end":{"line":27,"column":null}},"8":{"start":{"line":42,"column":31},"end":{"line":42,"column":null}},"9":{"start":{"line":55,"column":18},"end":{"line":55,"column":null}},"10":{"start":{"line":60,"column":31},"end":{"line":60,"column":null}},"11":{"start":{"line":71,"column":35},"end":{"line":71,"column":48}},"12":{"start":{"line":74,"column":35},"end":{"line":74,"column":49}},"13":{"start":{"line":77,"column":35},"end":{"line":77,"column":49}}},"fnMap":{"0":{"name":"ConfigModal","decl":{"start":{"line":10,"column":16},"end":{"line":10,"column":28}},"loc":{"start":{"line":15,"column":21},"end":{"line":94,"column":null}},"line":15},"1":{"name":"(anonymous_1)","decl":{"start":{"line":18,"column":21},"end":{"line":18,"column":27}},"loc":{"start":{"line":18,"column":27},"end":{"line":21,"column":null}},"line":18},"2":{"name":"(anonymous_2)","decl":{"start":{"line":27,"column":46},"end":{"line":27,"column":47}},"loc":{"start":{"line":27,"column":53},"end":{"line":27,"column":null}},"line":27},"3":{"name":"(anonymous_3)","decl":{"start":{"line":42,"column":25},"end":{"line":42,"column":31}},"loc":{"start":{"line":42,"column":31},"end":{"line":42,"column":null}},"line":42},"4":{"name":"(anonymous_4)","decl":{"start":{"line":54,"column":26},"end":{"line":54,"column":27}},"loc":{"start":{"line":55,"column":18},"end":{"line":55,"column":null}},"line":55},"5":{"name":"(anonymous_5)","decl":{"start":{"line":60,"column":25},"end":{"line":60,"column":31}},"loc":{"start":{"line":60,"column":31},"end":{"line":60,"column":null}},"line":60},"6":{"name":"(anonymous_6)","decl":{"start":{"line":71,"column":29},"end":{"line":71,"column":35}},"loc":{"start":{"line":71,"column":35},"end":{"line":71,"column":48}},"line":71},"7":{"name":"(anonymous_7)","decl":{"start":{"line":74,"column":29},"end":{"line":74,"column":35}},"loc":{"start":{"line":74,"column":35},"end":{"line":74,"column":49}},"line":74},"8":{"name":"(anonymous_8)","decl":{"start":{"line":77,"column":29},"end":{"line":77,"column":35}},"loc":{"start":{"line":77,"column":35},"end":{"line":77,"column":49}},"line":77}},"branchMap":{"0":{"loc":{"start":{"line":23,"column":2},"end":{"line":23,"column":null}},"type":"if","locations":[{"start":{"line":23,"column":2},"end":{"line":23,"column":null}},{"start":{},"end":{}}],"line":23}},"s":{"0":7,"1":7,"2":1,"3":1,"4":7,"5":6,"6":1,"7":1,"8":0,"9":0,"10":0,"11":0,"12":0,"13":0},"f":{"0":7,"1":1,"2":1,"3":0,"4":0,"5":0,"6":0,"7":0,"8":0},"b":{"0":[6,1]},"meta":{"lastBranch":1,"lastFunction":9,"lastStatement":14,"seen":{"f:10:16:10:28":0,"s:16:24:16:Infinity":0,"s:18:21:21:Infinity":1,"f:18:21:18:27":1,"s:19:4:19:Infinity":2,"s:20:4:20:Infinity":3,"b:23:2:23:Infinity:undefined:undefined:undefined:undefined":0,"s:23:2:23:Infinity":4,"s:23:15:23:Infinity":5,"s:25:2:92:Infinity":6,"f:27:46:27:47":2,"s:27:53:27:Infinity":7,"f:42:25:42:31":3,"s:42:31:42:Infinity":8,"f:54:26:54:27":4,"s:55:18:55:Infinity":9,"f:60:25:60:31":5,"s:60:31:60:Infinity":10,"f:71:29:71:35":6,"s:71:35:71:48":11,"f:74:29:74:35":7,"s:74:35:74:49":12,"f:77:29:77:35":8,"s:77:35:77:49":13}}}
,"/Users/tn7bijh/Documents/SOLO/MVP/demo-talk-ai/gotta-match-em-all/src/components/GameBoard.tsx": {"path":"/Users/tn7bijh/Documents/SOLO/MVP/demo-talk-ai/gotta-match-em-all/src/components/GameBoard.tsx","statementMap":{"0":{"start":{"line":6,"column":24},"end":{"line":6,"column":null}},"1":{"start":{"line":9,"column":22},"end":{"line":14,"column":null}},"2":{"start":{"line":10,"column":23},"end":{"line":10,"column":null}},"3":{"start":{"line":11,"column":4},"end":{"line":11,"column":null}},"4":{"start":{"line":11,"column":26},"end":{"line":11,"column":null}},"5":{"start":{"line":12,"column":4},"end":{"line":12,"column":null}},"6":{"start":{"line":12,"column":26},"end":{"line":12,"column":null}},"7":{"start":{"line":13,"column":4},"end":{"line":13,"column":null}},"8":{"start":{"line":16,"column":19},"end":{"line":16,"column":null}},"9":{"start":{"line":18,"column":2},"end":{"line":30,"column":null}},"10":{"start":{"line":27,"column":10},"end":{"line":27,"column":null}}},"fnMap":{"0":{"name":"GameBoard","decl":{"start":{"line":5,"column":16},"end":{"line":5,"column":28}},"loc":{"start":{"line":5,"column":28},"end":{"line":32,"column":null}},"line":5},"1":{"name":"(anonymous_1)","decl":{"start":{"line":9,"column":22},"end":{"line":9,"column":28}},"loc":{"start":{"line":9,"column":28},"end":{"line":14,"column":null}},"line":9},"2":{"name":"(anonymous_2)","decl":{"start":{"line":26,"column":19},"end":{"line":26,"column":20}},"loc":{"start":{"line":27,"column":10},"end":{"line":27,"column":null}},"line":27}},"branchMap":{"0":{"loc":{"start":{"line":11,"column":4},"end":{"line":11,"column":null}},"type":"if","locations":[{"start":{"line":11,"column":4},"end":{"line":11,"column":null}},{"start":{},"end":{}}],"line":11},"1":{"loc":{"start":{"line":12,"column":4},"end":{"line":12,"column":null}},"type":"if","locations":[{"start":{"line":12,"column":4},"end":{"line":12,"column":null}},{"start":{},"end":{}}],"line":12}},"s":{"0":4,"1":4,"2":4,"3":4,"4":3,"5":1,"6":1,"7":0,"8":4,"9":4,"10":28},"f":{"0":4,"1":4,"2":28},"b":{"0":[3,1],"1":[1,0]},"meta":{"lastBranch":2,"lastFunction":3,"lastStatement":11,"seen":{"f:5:16:5:28":0,"s:6:24:6:Infinity":0,"s:9:22:14:Infinity":1,"f:9:22:9:28":1,"s:10:23:10:Infinity":2,"b:11:4:11:Infinity:undefined:undefined:undefined:undefined":0,"s:11:4:11:Infinity":3,"s:11:26:11:Infinity":4,"b:12:4:12:Infinity:undefined:undefined:undefined:undefined":1,"s:12:4:12:Infinity":5,"s:12:26:12:Infinity":6,"s:13:4:13:Infinity":7,"s:16:19:16:Infinity":8,"s:18:2:30:Infinity":9,"f:26:19:26:20":2,"s:27:10:27:Infinity":10}}}
,"/Users/tn7bijh/Documents/SOLO/MVP/demo-talk-ai/gotta-match-em-all/src/components/GameControls.tsx": {"path":"/Users/tn7bijh/Documents/SOLO/MVP/demo-talk-ai/gotta-match-em-all/src/components/GameControls.tsx","statementMap":{"0":{"start":{"line":14,"column":2},"end":{"line":27,"column":null}}},"fnMap":{"0":{"name":"GameControls","decl":{"start":{"line":8,"column":16},"end":{"line":8,"column":29}},"loc":{"start":{"line":13,"column":22},"end":{"line":29,"column":null}},"line":13}},"branchMap":{"0":{"loc":{"start":{"line":19,"column":7},"end":{"line":22,"column":null}},"type":"binary-expr","locations":[{"start":{"line":19,"column":7},"end":{"line":19,"column":null}},{"start":{"line":20,"column":8},"end":{"line":22,"column":null}}],"line":19}},"s":{"0":1},"f":{"0":1},"b":{"0":[1,1]},"meta":{"lastBranch":1,"lastFunction":1,"lastStatement":1,"seen":{"f:8:16:8:29":0,"s:14:2:27:Infinity":0,"b:19:7:19:Infinity:20:8:22:Infinity":0}}}
,"/Users/tn7bijh/Documents/SOLO/MVP/demo-talk-ai/gotta-match-em-all/src/components/GameHistory.tsx": {"path":"/Users/tn7bijh/Documents/SOLO/MVP/demo-talk-ai/gotta-match-em-all/src/components/GameHistory.tsx","statementMap":{"0":{"start":{"line":5,"column":38},"end":{"line":5,"column":null}},"1":{"start":{"line":7,"column":2},"end":{"line":14,"column":null}},"2":{"start":{"line":8,"column":4},"end":{"line":12,"column":null}},"3":{"start":{"line":16,"column":21},"end":{"line":22,"column":null}},"4":{"start":{"line":17,"column":17},"end":{"line":17,"column":null}},"5":{"start":{"line":18,"column":4},"end":{"line":21,"column":null}},"6":{"start":{"line":24,"column":24},"end":{"line":27,"column":null}},"7":{"start":{"line":25,"column":4},"end":{"line":25,"column":null}},"8":{"start":{"line":25,"column":26},"end":{"line":25,"column":null}},"9":{"start":{"line":26,"column":4},"end":{"line":26,"column":null}},"10":{"start":{"line":29,"column":2},"end":{"line":51,"column":null}},"11":{"start":{"line":34,"column":10},"end":{"line":48,"column":null}}},"fnMap":{"0":{"name":"GameHistory","decl":{"start":{"line":4,"column":16},"end":{"line":4,"column":30}},"loc":{"start":{"line":4,"column":30},"end":{"line":53,"column":null}},"line":4},"1":{"name":"(anonymous_1)","decl":{"start":{"line":16,"column":21},"end":{"line":16,"column":22}},"loc":{"start":{"line":16,"column":42},"end":{"line":22,"column":null}},"line":16},"2":{"name":"(anonymous_2)","decl":{"start":{"line":24,"column":24},"end":{"line":24,"column":25}},"loc":{"start":{"line":24,"column":51},"end":{"line":27,"column":null}},"line":24},"3":{"name":"(anonymous_3)","decl":{"start":{"line":33,"column":42},"end":{"line":33,"column":43}},"loc":{"start":{"line":34,"column":10},"end":{"line":48,"column":null}},"line":34}},"branchMap":{"0":{"loc":{"start":{"line":7,"column":2},"end":{"line":14,"column":null}},"type":"if","locations":[{"start":{"line":7,"column":2},"end":{"line":14,"column":null}},{"start":{},"end":{}}],"line":7},"1":{"loc":{"start":{"line":7,"column":6},"end":{"line":7,"column":68}},"type":"binary-expr","locations":[{"start":{"line":7,"column":6},"end":{"line":7,"column":25}},{"start":{"line":7,"column":25},"end":{"line":7,"column":68}}],"line":7},"2":{"loc":{"start":{"line":25,"column":4},"end":{"line":25,"column":null}},"type":"if","locations":[{"start":{"line":25,"column":4},"end":{"line":25,"column":null}},{"start":{},"end":{}}],"line":25},"3":{"loc":{"start":{"line":26,"column":11},"end":{"line":26,"column":null}},"type":"cond-expr","locations":[{"start":{"line":26,"column":26},"end":{"line":26,"column":48}},{"start":{"line":26,"column":48},"end":{"line":26,"column":null}}],"line":26}},"s":{"0":1,"1":1,"2":1,"3":0,"4":0,"5":0,"6":0,"7":0,"8":0,"9":0,"10":0,"11":0},"f":{"0":1,"1":0,"2":0,"3":0},"b":{"0":[1,0],"1":[1,0],"2":[0,0],"3":[0,0]},"meta":{"lastBranch":4,"lastFunction":4,"lastStatement":12,"seen":{"f:4:16:4:30":0,"s:5:38:5:Infinity":0,"b:7:2:14:Infinity:undefined:undefined:undefined:undefined":0,"s:7:2:14:Infinity":1,"b:7:6:7:25:7:25:7:68":1,"s:8:4:12:Infinity":2,"s:16:21:22:Infinity":3,"f:16:21:16:22":1,"s:17:17:17:Infinity":4,"s:18:4:21:Infinity":5,"s:24:24:27:Infinity":6,"f:24:24:24:25":2,"b:25:4:25:Infinity:undefined:undefined:undefined:undefined":2,"s:25:4:25:Infinity":7,"s:25:26:25:Infinity":8,"s:26:4:26:Infinity":9,"b:26:26:26:48:26:48:26:Infinity":3,"s:29:2:51:Infinity":10,"f:33:42:33:43":3,"s:34:10:48:Infinity":11}}}
,"/Users/tn7bijh/Documents/SOLO/MVP/demo-talk-ai/gotta-match-em-all/src/components/PlayerNameEditor.tsx": {"path":"/Users/tn7bijh/Documents/SOLO/MVP/demo-talk-ai/gotta-match-em-all/src/components/PlayerNameEditor.tsx","statementMap":{"0":{"start":{"line":9,"column":41},"end":{"line":9,"column":null}},"1":{"start":{"line":10,"column":32},"end":{"line":10,"column":null}},"2":{"start":{"line":11,"column":30},"end":{"line":11,"column":null}},"3":{"start":{"line":13,"column":22},"end":{"line":13,"column":null}},"4":{"start":{"line":15,"column":26},"end":{"line":18,"column":null}},"5":{"start":{"line":16,"column":4},"end":{"line":16,"column":null}},"6":{"start":{"line":17,"column":4},"end":{"line":17,"column":null}},"7":{"start":{"line":20,"column":21},"end":{"line":29,"column":null}},"8":{"start":{"line":21,"column":24},"end":{"line":21,"column":null}},"9":{"start":{"line":22,"column":4},"end":{"line":27,"column":null}},"10":{"start":{"line":23,"column":6},"end":{"line":26,"column":null}},"11":{"start":{"line":28,"column":4},"end":{"line":28,"column":null}},"12":{"start":{"line":31,"column":23},"end":{"line":34,"column":null}},"13":{"start":{"line":32,"column":4},"end":{"line":32,"column":null}},"14":{"start":{"line":33,"column":4},"end":{"line":33,"column":null}},"15":{"start":{"line":36,"column":24},"end":{"line":42,"column":null}},"16":{"start":{"line":37,"column":4},"end":{"line":41,"column":null}},"17":{"start":{"line":38,"column":6},"end":{"line":38,"column":null}},"18":{"start":{"line":39,"column":4},"end":{"line":41,"column":null}},"19":{"start":{"line":40,"column":6},"end":{"line":40,"column":null}},"20":{"start":{"line":44,"column":2},"end":{"line":59,"column":null}},"21":{"start":{"line":45,"column":4},"end":{"line":57,"column":null}},"22":{"start":{"line":50,"column":27},"end":{"line":50,"column":null}},"23":{"start":{"line":61,"column":2},"end":{"line":67,"column":null}}},"fnMap":{"0":{"name":"PlayerNameEditor","decl":{"start":{"line":8,"column":16},"end":{"line":8,"column":33}},"loc":{"start":{"line":8,"column":70},"end":{"line":69,"column":null}},"line":8},"1":{"name":"(anonymous_1)","decl":{"start":{"line":15,"column":26},"end":{"line":15,"column":32}},"loc":{"start":{"line":15,"column":32},"end":{"line":18,"column":null}},"line":15},"2":{"name":"(anonymous_2)","decl":{"start":{"line":20,"column":21},"end":{"line":20,"column":27}},"loc":{"start":{"line":20,"column":27},"end":{"line":29,"column":null}},"line":20},"3":{"name":"(anonymous_3)","decl":{"start":{"line":31,"column":23},"end":{"line":31,"column":29}},"loc":{"start":{"line":31,"column":29},"end":{"line":34,"column":null}},"line":31},"4":{"name":"(anonymous_4)","decl":{"start":{"line":36,"column":24},"end":{"line":36,"column":25}},"loc":{"start":{"line":36,"column":52},"end":{"line":42,"column":null}},"line":36},"5":{"name":"(anonymous_5)","decl":{"start":{"line":50,"column":20},"end":{"line":50,"column":21}},"loc":{"start":{"line":50,"column":27},"end":{"line":50,"column":null}},"line":50}},"branchMap":{"0":{"loc":{"start":{"line":13,"column":22},"end":{"line":13,"column":null}},"type":"cond-expr","locations":[{"start":{"line":13,"column":39},"end":{"line":13,"column":61}},{"start":{"line":13,"column":61},"end":{"line":13,"column":null}}],"line":13},"1":{"loc":{"start":{"line":22,"column":4},"end":{"line":27,"column":null}},"type":"if","locations":[{"start":{"line":22,"column":4},"end":{"line":27,"column":null}},{"start":{},"end":{}}],"line":22},"2":{"loc":{"start":{"line":24,"column":8},"end":{"line":24,"column":null}},"type":"cond-expr","locations":[{"start":{"line":24,"column":25},"end":{"line":24,"column":39}},{"start":{"line":24,"column":39},"end":{"line":24,"column":null}}],"line":24},"3":{"loc":{"start":{"line":25,"column":8},"end":{"line":25,"column":null}},"type":"cond-expr","locations":[{"start":{"line":25,"column":25},"end":{"line":25,"column":39}},{"start":{"line":25,"column":39},"end":{"line":25,"column":null}}],"line":25},"4":{"loc":{"start":{"line":37,"column":4},"end":{"line":41,"column":null}},"type":"if","locations":[{"start":{"line":37,"column":4},"end":{"line":41,"column":null}},{"start":{"line":39,"column":4},"end":{"line":41,"column":null}}],"line":37},"5":{"loc":{"start":{"line":39,"column":4},"end":{"line":41,"column":null}},"type":"if","locations":[{"start":{"line":39,"column":4},"end":{"line":41,"column":null}},{"start":{},"end":{}}],"line":39},"6":{"loc":{"start":{"line":44,"column":2},"end":{"line":59,"column":null}},"type":"if","locations":[{"start":{"line":44,"column":2},"end":{"line":59,"column":null}},{"start":{},"end":{}}],"line":44}},"s":{"0":2,"1":2,"2":2,"3":2,"4":2,"5":0,"6":0,"7":2,"8":0,"9":0,"10":0,"11":0,"12":2,"13":0,"14":0,"15":2,"16":0,"17":0,"18":0,"19":0,"20":2,"21":0,"22":0,"23":2},"f":{"0":2,"1":0,"2":0,"3":0,"4":0,"5":0},"b":{"0":[1,1],"1":[0,0],"2":[0,0],"3":[0,0],"4":[0,0],"5":[0,0],"6":[0,2]},"meta":{"lastBranch":7,"lastFunction":6,"lastStatement":24,"seen":{"f:8:16:8:33":0,"s:9:41:9:Infinity":0,"s:10:32:10:Infinity":1,"s:11:30:11:Infinity":2,"s:13:22:13:Infinity":3,"b:13:39:13:61:13:61:13:Infinity":0,"s:15:26:18:Infinity":4,"f:15:26:15:32":1,"s:16:4:16:Infinity":5,"s:17:4:17:Infinity":6,"s:20:21:29:Infinity":7,"f:20:21:20:27":2,"s:21:24:21:Infinity":8,"b:22:4:27:Infinity:undefined:undefined:undefined:undefined":1,"s:22:4:27:Infinity":9,"s:23:6:26:Infinity":10,"b:24:25:24:39:24:39:24:Infinity":2,"b:25:25:25:39:25:39:25:Infinity":3,"s:28:4:28:Infinity":11,"s:31:23:34:Infinity":12,"f:31:23:31:29":3,"s:32:4:32:Infinity":13,"s:33:4:33:Infinity":14,"s:36:24:42:Infinity":15,"f:36:24:36:25":4,"b:37:4:41:Infinity:39:4:41:Infinity":4,"s:37:4:41:Infinity":16,"s:38:6:38:Infinity":17,"b:39:4:41:Infinity:undefined:undefined:undefined:undefined":5,"s:39:4:41:Infinity":18,"s:40:6:40:Infinity":19,"b:44:2:59:Infinity:undefined:undefined:undefined:undefined":6,"s:44:2:59:Infinity":20,"s:45:4:57:Infinity":21,"f:50:20:50:21":5,"s:50:27:50:Infinity":22,"s:61:2:67:Infinity":23}}}
,"/Users/tn7bijh/Documents/SOLO/MVP/demo-talk-ai/gotta-match-em-all/src/components/ScorePanel.tsx": {"path":"/Users/tn7bijh/Documents/SOLO/MVP/demo-talk-ai/gotta-match-em-all/src/components/ScorePanel.tsx","statementMap":{"0":{"start":{"line":6,"column":54},"end":{"line":6,"column":null}},"1":{"start":{"line":7,"column":15},"end":{"line":7,"column":null}},"2":{"start":{"line":9,"column":26},"end":{"line":9,"column":null}},"3":{"start":{"line":10,"column":26},"end":{"line":10,"column":null}},"4":{"start":{"line":12,"column":2},"end":{"line":88,"column":null}}},"fnMap":{"0":{"name":"ScorePanel","decl":{"start":{"line":5,"column":16},"end":{"line":5,"column":29}},"loc":{"start":{"line":5,"column":29},"end":{"line":90,"column":null}},"line":5}},"branchMap":{"0":{"loc":{"start":{"line":17,"column":10},"end":{"line":17,"column":null}},"type":"cond-expr","locations":[{"start":{"line":17,"column":56},"end":{"line":17,"column":67}},{"start":{"line":17,"column":67},"end":{"line":17,"column":null}}],"line":17},"1":{"loc":{"start":{"line":17,"column":10},"end":{"line":17,"column":56}},"type":"binary-expr","locations":[{"start":{"line":17,"column":10},"end":{"line":17,"column":29}},{"start":{"line":17,"column":29},"end":{"line":17,"column":56}}],"line":17},"2":{"loc":{"start":{"line":20,"column":9},"end":{"line":21,"column":null}},"type":"binary-expr","locations":[{"start":{"line":20,"column":9},"end":{"line":20,"column":28}},{"start":{"line":20,"column":28},"end":{"line":20,"column":null}},{"start":{"line":21,"column":10},"end":{"line":21,"column":null}}],"line":20},"3":{"loc":{"start":{"line":39,"column":15},"end":{"line":39,"column":null}},"type":"cond-expr","locations":[{"start":{"line":39,"column":43},"end":{"line":39,"column":75}},{"start":{"line":39,"column":75},"end":{"line":39,"column":null}}],"line":39},"4":{"loc":{"start":{"line":57,"column":10},"end":{"line":57,"column":null}},"type":"cond-expr","locations":[{"start":{"line":57,"column":56},"end":{"line":57,"column":67}},{"start":{"line":57,"column":67},"end":{"line":57,"column":null}}],"line":57},"5":{"loc":{"start":{"line":57,"column":10},"end":{"line":57,"column":56}},"type":"binary-expr","locations":[{"start":{"line":57,"column":10},"end":{"line":57,"column":29}},{"start":{"line":57,"column":29},"end":{"line":57,"column":56}}],"line":57},"6":{"loc":{"start":{"line":60,"column":9},"end":{"line":61,"column":null}},"type":"binary-expr","locations":[{"start":{"line":60,"column":9},"end":{"line":60,"column":28}},{"start":{"line":60,"column":28},"end":{"line":60,"column":null}},{"start":{"line":61,"column":10},"end":{"line":61,"column":null}}],"line":60},"7":{"loc":{"start":{"line":79,"column":15},"end":{"line":79,"column":null}},"type":"cond-expr","locations":[{"start":{"line":79,"column":43},"end":{"line":79,"column":75}},{"start":{"line":79,"column":75},"end":{"line":79,"column":null}}],"line":79}},"s":{"0":9,"1":9,"2":9,"3":9,"4":9},"f":{"0":9},"b":{"0":[8,1],"1":[9,9],"2":[9,9,8],"3":[8,1],"4":[0,9],"5":[9,0],"6":[9,0,0],"7":[0,9]},"meta":{"lastBranch":8,"lastFunction":1,"lastStatement":5,"seen":{"f:5:16:5:29":0,"s:6:54:6:Infinity":0,"s:7:15:7:Infinity":1,"s:9:26:9:Infinity":2,"s:10:26:10:Infinity":3,"s:12:2:88:Infinity":4,"b:17:56:17:67:17:67:17:Infinity":0,"b:17:10:17:29:17:29:17:56":1,"b:20:9:20:28:20:28:20:Infinity:21:10:21:Infinity":2,"b:39:43:39:75:39:75:39:Infinity":3,"b:57:56:57:67:57:67:57:Infinity":4,"b:57:10:57:29:57:29:57:56":5,"b:60:9:60:28:60:28:60:Infinity:61:10:61:Infinity":6,"b:79:43:79:75:79:75:79:Infinity":7}}}
,"/Users/tn7bijh/Documents/SOLO/MVP/demo-talk-ai/gotta-match-em-all/src/components/VictoryModal.tsx": {"path":"/Users/tn7bijh/Documents/SOLO/MVP/demo-talk-ai/gotta-match-em-all/src/components/VictoryModal.tsx","statementMap":{"0":{"start":{"line":24,"column":2},"end":{"line":24,"column":null}},"1":{"start":{"line":24,"column":26},"end":{"line":24,"column":null}},"2":{"start":{"line":26,"column":27},"end":{"line":32,"column":null}},"3":{"start":{"line":27,"column":4},"end":{"line":29,"column":null}},"4":{"start":{"line":28,"column":6},"end":{"line":28,"column":null}},"5":{"start":{"line":30,"column":23},"end":{"line":30,"column":null}},"6":{"start":{"line":31,"column":4},"end":{"line":31,"column":null}},"7":{"start":{"line":34,"column":25},"end":{"line":37,"column":null}},"8":{"start":{"line":35,"column":4},"end":{"line":35,"column":null}},"9":{"start":{"line":35,"column":26},"end":{"line":35,"column":null}},"10":{"start":{"line":36,"column":4},"end":{"line":36,"column":null}},"11":{"start":{"line":39,"column":2},"end":{"line":92,"column":null}},"12":{"start":{"line":41,"column":67},"end":{"line":41,"column":null}}},"fnMap":{"0":{"name":"VictoryModal","decl":{"start":{"line":14,"column":16},"end":{"line":14,"column":29}},"loc":{"start":{"line":23,"column":22},"end":{"line":94,"column":null}},"line":23},"1":{"name":"(anonymous_1)","decl":{"start":{"line":26,"column":27},"end":{"line":26,"column":33}},"loc":{"start":{"line":26,"column":33},"end":{"line":32,"column":null}},"line":26},"2":{"name":"(anonymous_2)","decl":{"start":{"line":34,"column":25},"end":{"line":34,"column":31}},"loc":{"start":{"line":34,"column":31},"end":{"line":37,"column":null}},"line":34},"3":{"name":"(anonymous_3)","decl":{"start":{"line":41,"column":60},"end":{"line":41,"column":61}},"loc":{"start":{"line":41,"column":67},"end":{"line":41,"column":null}},"line":41}},"branchMap":{"0":{"loc":{"start":{"line":24,"column":2},"end":{"line":24,"column":null}},"type":"if","locations":[{"start":{"line":24,"column":2},"end":{"line":24,"column":null}},{"start":{},"end":{}}],"line":24},"1":{"loc":{"start":{"line":24,"column":6},"end":{"line":24,"column":26}},"type":"binary-expr","locations":[{"start":{"line":24,"column":6},"end":{"line":24,"column":17}},{"start":{"line":24,"column":17},"end":{"line":24,"column":26}}],"line":24},"2":{"loc":{"start":{"line":27,"column":4},"end":{"line":29,"column":null}},"type":"if","locations":[{"start":{"line":27,"column":4},"end":{"line":29,"column":null}},{"start":{},"end":{}}],"line":27},"3":{"loc":{"start":{"line":30,"column":23},"end":{"line":30,"column":null}},"type":"cond-expr","locations":[{"start":{"line":30,"column":46},"end":{"line":30,"column":60}},{"start":{"line":30,"column":60},"end":{"line":30,"column":null}}],"line":30},"4":{"loc":{"start":{"line":35,"column":4},"end":{"line":35,"column":null}},"type":"if","locations":[{"start":{"line":35,"column":4},"end":{"line":35,"column":null}},{"start":{},"end":{}}],"line":35},"5":{"loc":{"start":{"line":55,"column":16},"end":{"line":55,"column":null}},"type":"cond-expr","locations":[{"start":{"line":55,"column":39},"end":{"line":55,"column":50}},{"start":{"line":55,"column":50},"end":{"line":55,"column":null}}],"line":55},"6":{"loc":{"start":{"line":70,"column":16},"end":{"line":70,"column":null}},"type":"cond-expr","locations":[{"start":{"line":70,"column":39},"end":{"line":70,"column":50}},{"start":{"line":70,"column":50},"end":{"line":70,"column":null}}],"line":70}},"s":{"0":7,"1":7,"2":0,"3":0,"4":0,"5":0,"6":0,"7":0,"8":0,"9":0,"10":0,"11":0,"12":0},"f":{"0":7,"1":0,"2":0,"3":0},"b":{"0":[7,0],"1":[7,0],"2":[0,0],"3":[0,0],"4":[0,0],"5":[0,0],"6":[0,0]},"meta":{"lastBranch":7,"lastFunction":4,"lastStatement":13,"seen":{"f:14:16:14:29":0,"b:24:2:24:Infinity:undefined:undefined:undefined:undefined":0,"s:24:2:24:Infinity":0,"b:24:6:24:17:24:17:24:26":1,"s:24:26:24:Infinity":1,"s:26:27:32:Infinity":2,"f:26:27:26:33":1,"b:27:4:29:Infinity:undefined:undefined:undefined:undefined":2,"s:27:4:29:Infinity":3,"s:28:6:28:Infinity":4,"s:30:23:30:Infinity":5,"b:30:46:30:60:30:60:30:Infinity":3,"s:31:4:31:Infinity":6,"s:34:25:37:Infinity":7,"f:34:25:34:31":2,"b:35:4:35:Infinity:undefined:undefined:undefined:undefined":4,"s:35:4:35:Infinity":8,"s:35:26:35:Infinity":9,"s:36:4:36:Infinity":10,"s:39:2:92:Infinity":11,"f:41:60:41:61":3,"s:41:67:41:Infinity":12,"b:55:39:55:50:55:50:55:Infinity":5,"b:70:39:70:50:70:50:70:Infinity":6}}}
,"/Users/tn7bijh/Documents/SOLO/MVP/demo-talk-ai/gotta-match-em-all/src/components/components.css": {"path":"/Users/tn7bijh/Documents/SOLO/MVP/demo-talk-ai/gotta-match-em-all/src/components/components.css","statementMap":{},"fnMap":{},"branchMap":{},"s":{},"f":{},"b":{},"meta":{"lastBranch":0,"lastFunction":0,"lastStatement":0,"seen":{}}}
,"/Users/tn7bijh/Documents/SOLO/MVP/demo-talk-ai/gotta-match-em-all/src/constants/api.ts": {"path":"/Users/tn7bijh/Documents/SOLO/MVP/demo-talk-ai/gotta-match-em-all/src/constants/api.ts","statementMap":{"0":{"start":{"line":5,"column":32},"end":{"line":5,"column":null}},"1":{"start":{"line":7,"column":27},"end":{"line":7,"column":null}},"2":{"start":{"line":8,"column":27},"end":{"line":8,"column":null}},"3":{"start":{"line":11,"column":27},"end":{"line":11,"column":null}},"4":{"start":{"line":14,"column":29},"end":{"line":14,"column":null}},"5":{"start":{"line":17,"column":27},"end":{"line":17,"column":null}},"6":{"start":{"line":18,"column":27},"end":{"line":18,"column":null}}},"fnMap":{},"branchMap":{},"s":{"0":2,"1":2,"2":2,"3":2,"4":2,"5":2,"6":2},"f":{},"b":{},"meta":{"lastBranch":0,"lastFunction":0,"lastStatement":7,"seen":{"s:5:32:5:Infinity":0,"s:7:27:7:Infinity":1,"s:8:27:8:Infinity":2,"s:11:27:11:Infinity":3,"s:14:29:14:Infinity":4,"s:17:27:17:Infinity":5,"s:18:27:18:Infinity":6}}}
,"/Users/tn7bijh/Documents/SOLO/MVP/demo-talk-ai/gotta-match-em-all/src/constants/game.ts": {"path":"/Users/tn7bijh/Documents/SOLO/MVP/demo-talk-ai/gotta-match-em-all/src/constants/game.ts","statementMap":{"0":{"start":{"line":6,"column":27},"end":{"line":6,"column":null}},"1":{"start":{"line":7,"column":38},"end":{"line":7,"column":null}},"2":{"start":{"line":10,"column":34},"end":{"line":10,"column":null}},"3":{"start":{"line":13,"column":31},"end":{"line":13,"column":null}},"4":{"start":{"line":14,"column":39},"end":{"line":14,"column":null}},"5":{"start":{"line":17,"column":36},"end":{"line":17,"column":null}},"6":{"start":{"line":18,"column":36},"end":{"line":18,"column":null}},"7":{"start":{"line":21,"column":38},"end":{"line":21,"column":null}},"8":{"start":{"line":22,"column":38},"end":{"line":22,"column":null}},"9":{"start":{"line":31,"column":36},"end":{"line":34,"column":null}},"10":{"start":{"line":32,"column":2},"end":{"line":32,"column":null}},"11":{"start":{"line":32,"column":19},"end":{"line":32,"column":null}},"12":{"start":{"line":33,"column":2},"end":{"line":33,"column":null}},"13":{"start":{"line":40,"column":40},"end":{"line":58,"column":null}},"14":{"start":{"line":44,"column":2},"end":{"line":44,"column":null}},"15":{"start":{"line":44,"column":24},"end":{"line":44,"column":null}},"16":{"start":{"line":46,"column":24},"end":{"line":46,"column":null}},"17":{"start":{"line":47,"column":19},"end":{"line":47,"column":null}},"18":{"start":{"line":54,"column":2},"end":{"line":54,"column":null}},"19":{"start":{"line":54,"column":22},"end":{"line":54,"column":null}},"20":{"start":{"line":55,"column":2},"end":{"line":55,"column":null}},"21":{"start":{"line":55,"column":23},"end":{"line":55,"column":null}},"22":{"start":{"line":56,"column":2},"end":{"line":56,"column":null}},"23":{"start":{"line":56,"column":23},"end":{"line":56,"column":null}},"24":{"start":{"line":57,"column":2},"end":{"line":57,"column":null}}},"fnMap":{"0":{"name":"(anonymous_0)","decl":{"start":{"line":31,"column":36},"end":{"line":31,"column":37}},"loc":{"start":{"line":31,"column":64},"end":{"line":34,"column":null}},"line":31},"1":{"name":"(anonymous_1)","decl":{"start":{"line":40,"column":40},"end":{"line":40,"column":null}},"loc":{"start":{"line":43,"column":13},"end":{"line":58,"column":null}},"line":43}},"branchMap":{"0":{"loc":{"start":{"line":32,"column":2},"end":{"line":32,"column":null}},"type":"if","locations":[{"start":{"line":32,"column":2},"end":{"line":32,"column":null}},{"start":{},"end":{}}],"line":32},"1":{"loc":{"start":{"line":44,"column":2},"end":{"line":44,"column":null}},"type":"if","locations":[{"start":{"line":44,"column":2},"end":{"line":44,"column":null}},{"start":{},"end":{}}],"line":44},"2":{"loc":{"start":{"line":54,"column":2},"end":{"line":54,"column":null}},"type":"if","locations":[{"start":{"line":54,"column":2},"end":{"line":54,"column":null}},{"start":{},"end":{}}],"line":54},"3":{"loc":{"start":{"line":55,"column":2},"end":{"line":55,"column":null}},"type":"if","locations":[{"start":{"line":55,"column":2},"end":{"line":55,"column":null}},{"start":{},"end":{}}],"line":55},"4":{"loc":{"start":{"line":56,"column":2},"end":{"line":56,"column":null}},"type":"if","locations":[{"start":{"line":56,"column":2},"end":{"line":56,"column":null}},{"start":{},"end":{}}],"line":56}},"s":{"0":3,"1":3,"2":3,"3":3,"4":3,"5":3,"6":3,"7":3,"8":3,"9":3,"10":7,"11":6,"12":1,"13":3,"14":0,"15":0,"16":0,"17":0,"18":0,"19":0,"20":0,"21":0,"22":0,"23":0,"24":0},"f":{"0":7,"1":0},"b":{"0":[6,1],"1":[0,0],"2":[0,0],"3":[0,0],"4":[0,0]},"meta":{"lastBranch":5,"lastFunction":2,"lastStatement":25,"seen":{"s:6:27:6:Infinity":0,"s:7:38:7:Infinity":1,"s:10:34:10:Infinity":2,"s:13:31:13:Infinity":3,"s:14:39:14:Infinity":4,"s:17:36:17:Infinity":5,"s:18:36:18:Infinity":6,"s:21:38:21:Infinity":7,"s:22:38:22:Infinity":8,"s:31:36:34:Infinity":9,"f:31:36:31:37":0,"b:32:2:32:Infinity:undefined:undefined:undefined:undefined":0,"s:32:2:32:Infinity":10,"s:32:19:32:Infinity":11,"s:33:2:33:Infinity":12,"s:40:40:58:Infinity":13,"f:40:40:40:Infinity":1,"b:44:2:44:Infinity:undefined:undefined:undefined:undefined":1,"s:44:2:44:Infinity":14,"s:44:24:44:Infinity":15,"s:46:24:46:Infinity":16,"s:47:19:47:Infinity":17,"b:54:2:54:Infinity:undefined:undefined:undefined:undefined":2,"s:54:2:54:Infinity":18,"s:54:22:54:Infinity":19,"b:55:2:55:Infinity:undefined:undefined:undefined:undefined":3,"s:55:2:55:Infinity":20,"s:55:23:55:Infinity":21,"b:56:2:56:Infinity:undefined:undefined:undefined:undefined":4,"s:56:2:56:Infinity":22,"s:56:23:56:Infinity":23,"s:57:2:57:Infinity":24}}}
,"/Users/tn7bijh/Documents/SOLO/MVP/demo-talk-ai/gotta-match-em-all/src/hooks/use-game-flow.ts": {"path":"/Users/tn7bijh/Documents/SOLO/MVP/demo-talk-ai/gotta-match-em-all/src/hooks/use-game-flow.ts","statementMap":{"0":{"start":{"line":20,"column":2},"end":{"line":20,"column":null}},"1":{"start":{"line":22,"column":8},"end":{"line":22,"column":null}},"2":{"start":{"line":24,"column":2},"end":{"line":31,"column":null}},"3":{"start":{"line":26,"column":4},"end":{"line":30,"column":null}},"4":{"start":{"line":27,"column":6},"end":{"line":29,"column":null}},"5":{"start":{"line":28,"column":8},"end":{"line":28,"column":null}},"6":{"start":{"line":33,"column":2},"end":{"line":88,"column":null}},"7":{"start":{"line":35,"column":4},"end":{"line":37,"column":null}},"8":{"start":{"line":36,"column":6},"end":{"line":36,"column":null}},"9":{"start":{"line":39,"column":4},"end":{"line":39,"column":null}},"10":{"start":{"line":42,"column":18},"end":{"line":42,"column":null}},"11":{"start":{"line":42,"column":36},"end":{"line":42,"column":61}},"12":{"start":{"line":43,"column":18},"end":{"line":43,"column":null}},"13":{"start":{"line":43,"column":36},"end":{"line":43,"column":61}},"14":{"start":{"line":45,"column":4},"end":{"line":48,"column":null}},"15":{"start":{"line":46,"column":6},"end":{"line":46,"column":null}},"16":{"start":{"line":47,"column":6},"end":{"line":47,"column":null}},"17":{"start":{"line":51,"column":20},"end":{"line":51,"column":null}},"18":{"start":{"line":53,"column":4},"end":{"line":70,"column":null}},"19":{"start":{"line":55,"column":6},"end":{"line":55,"column":null}},"20":{"start":{"line":58,"column":6},"end":{"line":60,"column":null}},"21":{"start":{"line":59,"column":8},"end":{"line":59,"column":null}},"22":{"start":{"line":63,"column":6},"end":{"line":63,"column":null}},"23":{"start":{"line":65,"column":6},"end":{"line":69,"column":null}},"24":{"start":{"line":66,"column":8},"end":{"line":66,"column":null}},"25":{"start":{"line":67,"column":8},"end":{"line":67,"column":null}},"26":{"start":{"line":68,"column":8},"end":{"line":68,"column":null}},"27":{"start":{"line":73,"column":4},"end":{"line":77,"column":null}},"28":{"start":{"line":74,"column":6},"end":{"line":76,"column":null}},"29":{"start":{"line":75,"column":8},"end":{"line":75,"column":null}}},"fnMap":{"0":{"name":"useGameFlow","decl":{"start":{"line":9,"column":16},"end":{"line":9,"column":30}},"loc":{"start":{"line":9,"column":30},"end":{"line":89,"column":null}},"line":9},"1":{"name":"(anonymous_1)","decl":{"start":{"line":24,"column":12},"end":{"line":24,"column":18}},"loc":{"start":{"line":24,"column":18},"end":{"line":31,"column":5}},"line":24},"2":{"name":"(anonymous_2)","decl":{"start":{"line":26,"column":11},"end":{"line":26,"column":17}},"loc":{"start":{"line":26,"column":17},"end":{"line":30,"column":null}},"line":26},"3":{"name":"(anonymous_3)","decl":{"start":{"line":33,"column":12},"end":{"line":33,"column":18}},"loc":{"start":{"line":33,"column":18},"end":{"line":78,"column":5}},"line":33},"4":{"name":"(anonymous_4)","decl":{"start":{"line":42,"column":29},"end":{"line":42,"column":30}},"loc":{"start":{"line":42,"column":36},"end":{"line":42,"column":61}},"line":42},"5":{"name":"(anonymous_5)","decl":{"start":{"line":43,"column":29},"end":{"line":43,"column":30}},"loc":{"start":{"line":43,"column":36},"end":{"line":43,"column":61}},"line":43},"6":{"name":"(anonymous_6)","decl":{"start":{"line":58,"column":45},"end":{"line":58,"column":51}},"loc":{"start":{"line":58,"column":51},"end":{"line":60,"column":9}},"line":58},"7":{"name":"(anonymous_7)","decl":{"start":{"line":65,"column":45},"end":{"line":65,"column":51}},"loc":{"start":{"line":65,"column":51},"end":{"line":69,"column":9}},"line":65},"8":{"name":"(anonymous_8)","decl":{"start":{"line":73,"column":11},"end":{"line":73,"column":17}},"loc":{"start":{"line":73,"column":17},"end":{"line":77,"column":null}},"line":73}},"branchMap":{"0":{"loc":{"start":{"line":27,"column":6},"end":{"line":29,"column":null}},"type":"if","locations":[{"start":{"line":27,"column":6},"end":{"line":29,"column":null}},{"start":{},"end":{}}],"line":27},"1":{"loc":{"start":{"line":35,"column":4},"end":{"line":37,"column":null}},"type":"if","locations":[{"start":{"line":35,"column":4},"end":{"line":37,"column":null}},{"start":{},"end":{}}],"line":35},"2":{"loc":{"start":{"line":45,"column":4},"end":{"line":48,"column":null}},"type":"if","locations":[{"start":{"line":45,"column":4},"end":{"line":48,"column":null}},{"start":{},"end":{}}],"line":45},"3":{"loc":{"start":{"line":45,"column":8},"end":{"line":45,"column":26}},"type":"binary-expr","locations":[{"start":{"line":45,"column":8},"end":{"line":45,"column":18}},{"start":{"line":45,"column":18},"end":{"line":45,"column":26}}],"line":45},"4":{"loc":{"start":{"line":53,"column":4},"end":{"line":70,"column":null}},"type":"if","locations":[{"start":{"line":53,"column":4},"end":{"line":70,"column":null}},{"start":{"line":61,"column":11},"end":{"line":70,"column":null}}],"line":53},"5":{"loc":{"start":{"line":74,"column":6},"end":{"line":76,"column":null}},"type":"if","locations":[{"start":{"line":74,"column":6},"end":{"line":76,"column":null}},{"start":{},"end":{}}],"line":74}},"s":{"0":7,"1":7,"2":7,"3":2,"4":2,"5":0,"6":7,"7":3,"8":3,"9":0,"10":0,"11":0,"12":0,"13":0,"14":0,"15":0,"16":0,"17":0,"18":0,"19":0,"20":0,"21":0,"22":0,"23":0,"24":0,"25":0,"26":0,"27":0,"28":0,"29":0},"f":{"0":7,"1":2,"2":2,"3":3,"4":0,"5":0,"6":0,"7":0,"8":0},"b":{"0":[0,2],"1":[3,0],"2":[0,0],"3":[0,0],"4":[0,0],"5":[0,0]},"meta":{"lastBranch":6,"lastFunction":9,"lastStatement":30,"seen":{"f:9:16:9:30":0,"s:20:2:20:Infinity":0,"s:22:8:22:Infinity":1,"s:24:2:31:Infinity":2,"f:24:12:24:18":1,"s:26:4:30:Infinity":3,"f:26:11:26:17":2,"b:27:6:29:Infinity:undefined:undefined:undefined:undefined":0,"s:27:6:29:Infinity":4,"s:28:8:28:Infinity":5,"s:33:2:88:Infinity":6,"f:33:12:33:18":3,"b:35:4:37:Infinity:undefined:undefined:undefined:undefined":1,"s:35:4:37:Infinity":7,"s:36:6:36:Infinity":8,"s:39:4:39:Infinity":9,"s:42:18:42:Infinity":10,"f:42:29:42:30":4,"s:42:36:42:61":11,"s:43:18:43:Infinity":12,"f:43:29:43:30":5,"s:43:36:43:61":13,"b:45:4:48:Infinity:undefined:undefined:undefined:undefined":2,"s:45:4:48:Infinity":14,"b:45:8:45:18:45:18:45:26":3,"s:46:6:46:Infinity":15,"s:47:6:47:Infinity":16,"s:51:20:51:Infinity":17,"b:53:4:70:Infinity:61:11:70:Infinity":4,"s:53:4:70:Infinity":18,"s:55:6:55:Infinity":19,"s:58:6:60:Infinity":20,"f:58:45:58:51":6,"s:59:8:59:Infinity":21,"s:63:6:63:Infinity":22,"s:65:6:69:Infinity":23,"f:65:45:65:51":7,"s:66:8:66:Infinity":24,"s:67:8:67:Infinity":25,"s:68:8:68:Infinity":26,"s:73:4:77:Infinity":27,"f:73:11:73:17":8,"b:74:6:76:Infinity:undefined:undefined:undefined:undefined":5,"s:74:6:76:Infinity":28,"s:75:8:75:Infinity":29}}}
,"/Users/tn7bijh/Documents/SOLO/MVP/demo-talk-ai/gotta-match-em-all/src/hooks/use-pokemon-loader.ts": {"path":"/Users/tn7bijh/Documents/SOLO/MVP/demo-talk-ai/gotta-match-em-all/src/hooks/use-pokemon-loader.ts","statementMap":{"0":{"start":{"line":15,"column":32},"end":{"line":15,"column":null}},"1":{"start":{"line":16,"column":24},"end":{"line":16,"column":null}},"2":{"start":{"line":18,"column":23},"end":{"line":25,"column":null}},"3":{"start":{"line":19,"column":21},"end":{"line":19,"column":null}},"4":{"start":{"line":20,"column":4},"end":{"line":23,"column":null}},"5":{"start":{"line":20,"column":17},"end":{"line":20,"column":38}},"6":{"start":{"line":21,"column":16},"end":{"line":21,"column":null}},"7":{"start":{"line":22,"column":6},"end":{"line":22,"column":null}},"8":{"start":{"line":24,"column":4},"end":{"line":24,"column":null}},"9":{"start":{"line":27,"column":8},"end":{"line":67,"column":null}},"10":{"start":{"line":28,"column":4},"end":{"line":66,"column":null}},"11":{"start":{"line":29,"column":6},"end":{"line":29,"column":null}},"12":{"start":{"line":30,"column":6},"end":{"line":30,"column":null}},"13":{"start":{"line":32,"column":23},"end":{"line":32,"column":null}},"14":{"start":{"line":35,"column":28},"end":{"line":35,"column":null}},"15":{"start":{"line":36,"column":6},"end":{"line":53,"column":null}},"16":{"start":{"line":38,"column":8},"end":{"line":44,"column":null}},"17":{"start":{"line":46,"column":8},"end":{"line":52,"column":null}},"18":{"start":{"line":56,"column":28},"end":{"line":56,"column":null}},"19":{"start":{"line":58,"column":6},"end":{"line":58,"column":null}},"20":{"start":{"line":61,"column":8},"end":{"line":61,"column":null}},"21":{"start":{"line":62,"column":6},"end":{"line":62,"column":null}},"22":{"start":{"line":63,"column":6},"end":{"line":63,"column":null}},"23":{"start":{"line":65,"column":6},"end":{"line":65,"column":null}},"24":{"start":{"line":69,"column":2},"end":{"line":73,"column":null}}},"fnMap":{"0":{"name":"usePokemonLoader","decl":{"start":{"line":14,"column":16},"end":{"line":14,"column":59}},"loc":{"start":{"line":14,"column":59},"end":{"line":74,"column":null}},"line":14},"1":{"name":"(anonymous_1)","decl":{"start":{"line":18,"column":23},"end":{"line":18,"column":28}},"loc":{"start":{"line":18,"column":48},"end":{"line":25,"column":null}},"line":18},"2":{"name":"(anonymous_2)","decl":{"start":{"line":27,"column":35},"end":{"line":27,"column":42}},"loc":{"start":{"line":27,"column":81},"end":{"line":67,"column":5}},"line":27},"3":{"name":"(anonymous_3)","decl":{"start":{"line":36,"column":23},"end":{"line":36,"column":24}},"loc":{"start":{"line":36,"column":36},"end":{"line":53,"column":7}},"line":36}},"branchMap":{"0":{"loc":{"start":{"line":61,"column":8},"end":{"line":61,"column":null}},"type":"cond-expr","locations":[{"start":{"line":61,"column":31},"end":{"line":61,"column":45}},{"start":{"line":61,"column":45},"end":{"line":61,"column":null}}],"line":61}},"s":{"0":7,"1":7,"2":7,"3":1,"4":1,"5":1,"6":15,"7":15,"8":1,"9":7,"10":1,"11":1,"12":1,"13":1,"14":1,"15":1,"16":8,"17":8,"18":1,"19":1,"20":0,"21":0,"22":0,"23":1,"24":7},"f":{"0":7,"1":1,"2":1,"3":8},"b":{"0":[0,0]},"meta":{"lastBranch":1,"lastFunction":4,"lastStatement":25,"seen":{"f:14:16:14:59":0,"s:15:32:15:Infinity":0,"s:16:24:16:Infinity":1,"s:18:23:25:Infinity":2,"f:18:23:18:28":1,"s:19:21:19:Infinity":3,"s:20:4:23:Infinity":4,"s:20:17:20:38":5,"s:21:16:21:Infinity":6,"s:22:6:22:Infinity":7,"s:24:4:24:Infinity":8,"s:27:8:67:Infinity":9,"f:27:35:27:42":2,"s:28:4:66:Infinity":10,"s:29:6:29:Infinity":11,"s:30:6:30:Infinity":12,"s:32:23:32:Infinity":13,"s:35:28:35:Infinity":14,"s:36:6:53:Infinity":15,"f:36:23:36:24":3,"s:38:8:44:Infinity":16,"s:46:8:52:Infinity":17,"s:56:28:56:Infinity":18,"s:58:6:58:Infinity":19,"s:61:8:61:Infinity":20,"b:61:31:61:45:61:45:61:Infinity":0,"s:62:6:62:Infinity":21,"s:63:6:63:Infinity":22,"s:65:6:65:Infinity":23,"s:69:2:73:Infinity":24}}}
,"/Users/tn7bijh/Documents/SOLO/MVP/demo-talk-ai/gotta-match-em-all/src/services/pokemon-api.service.ts": {"path":"/Users/tn7bijh/Documents/SOLO/MVP/demo-talk-ai/gotta-match-em-all/src/services/pokemon-api.service.ts","statementMap":{"0":{"start":{"line":15,"column":21},"end":{"line":15,"column":null}},"1":{"start":{"line":20,"column":21},"end":{"line":22,"column":null}},"2":{"start":{"line":21,"column":2},"end":{"line":21,"column":null}},"3":{"start":{"line":27,"column":14},"end":{"line":29,"column":null}},"4":{"start":{"line":28,"column":2},"end":{"line":28,"column":null}},"5":{"start":{"line":28,"column":34},"end":{"line":28,"column":57}},"6":{"start":{"line":34,"column":22},"end":{"line":43,"column":null}},"7":{"start":{"line":36,"column":4},"end":{"line":36,"column":null}},"8":{"start":{"line":38,"column":2},"end":{"line":40,"column":null}},"9":{"start":{"line":39,"column":4},"end":{"line":39,"column":null}},"10":{"start":{"line":42,"column":2},"end":{"line":42,"column":null}},"11":{"start":{"line":48,"column":23},"end":{"line":67,"column":null}},"12":{"start":{"line":52,"column":2},"end":{"line":66,"column":null}},"13":{"start":{"line":53,"column":21},"end":{"line":53,"column":null}},"14":{"start":{"line":55,"column":4},"end":{"line":57,"column":null}},"15":{"start":{"line":56,"column":6},"end":{"line":56,"column":null}},"16":{"start":{"line":59,"column":4},"end":{"line":59,"column":null}},"17":{"start":{"line":61,"column":4},"end":{"line":64,"column":null}},"18":{"start":{"line":62,"column":6},"end":{"line":62,"column":null}},"19":{"start":{"line":63,"column":6},"end":{"line":63,"column":null}},"20":{"start":{"line":65,"column":4},"end":{"line":65,"column":null}},"21":{"start":{"line":73,"column":28},"end":{"line":106,"column":null}},"22":{"start":{"line":75,"column":2},"end":{"line":77,"column":null}},"23":{"start":{"line":76,"column":4},"end":{"line":76,"column":null}},"24":{"start":{"line":80,"column":2},"end":{"line":84,"column":null}},"25":{"start":{"line":81,"column":4},"end":{"line":83,"column":null}},"26":{"start":{"line":86,"column":2},"end":{"line":105,"column":null}},"27":{"start":{"line":87,"column":21},"end":{"line":87,"column":null}},"28":{"start":{"line":88,"column":37},"end":{"line":88,"column":null}},"29":{"start":{"line":90,"column":29},"end":{"line":94,"column":null}},"30":{"start":{"line":97,"column":4},"end":{"line":97,"column":null}},"31":{"start":{"line":99,"column":4},"end":{"line":99,"column":null}},"32":{"start":{"line":101,"column":4},"end":{"line":101,"column":null}},"33":{"start":{"line":102,"column":4},"end":{"line":104,"column":null}},"34":{"start":{"line":112,"column":35},"end":{"line":132,"column":null}},"35":{"start":{"line":113,"column":2},"end":{"line":115,"column":null}},"36":{"start":{"line":114,"column":4},"end":{"line":114,"column":null}},"37":{"start":{"line":118,"column":22},"end":{"line":118,"column":null}},"38":{"start":{"line":119,"column":2},"end":{"line":121,"column":null}},"39":{"start":{"line":120,"column":4},"end":{"line":120,"column":null}},"40":{"start":{"line":124,"column":19},"end":{"line":124,"column":null}},"41":{"start":{"line":124,"column":55},"end":{"line":124,"column":71}},"42":{"start":{"line":126,"column":2},"end":{"line":131,"column":null}},"43":{"start":{"line":127,"column":4},"end":{"line":127,"column":null}},"44":{"start":{"line":129,"column":4},"end":{"line":129,"column":null}},"45":{"start":{"line":130,"column":4},"end":{"line":130,"column":null}},"46":{"start":{"line":138,"column":33},"end":{"line":140,"column":null}},"47":{"start":{"line":139,"column":2},"end":{"line":139,"column":null}},"48":{"start":{"line":145,"column":28},"end":{"line":147,"column":null}},"49":{"start":{"line":146,"column":2},"end":{"line":146,"column":null}}},"fnMap":{"0":{"name":"(anonymous_0)","decl":{"start":{"line":20,"column":21},"end":{"line":20,"column":22}},"loc":{"start":{"line":20,"column":59},"end":{"line":22,"column":null}},"line":20},"1":{"name":"(anonymous_1)","decl":{"start":{"line":27,"column":14},"end":{"line":27,"column":15}},"loc":{"start":{"line":27,"column":45},"end":{"line":29,"column":null}},"line":27},"2":{"name":"(anonymous_2)","decl":{"start":{"line":28,"column":21},"end":{"line":28,"column":22}},"loc":{"start":{"line":28,"column":34},"end":{"line":28,"column":57}},"line":28},"3":{"name":"(anonymous_3)","decl":{"start":{"line":34,"column":22},"end":{"line":34,"column":23}},"loc":{"start":{"line":34,"column":60},"end":{"line":43,"column":null}},"line":34},"4":{"name":"(anonymous_4)","decl":{"start":{"line":48,"column":23},"end":{"line":48,"column":null}},"loc":{"start":{"line":51,"column":24},"end":{"line":67,"column":null}},"line":51},"5":{"name":"(anonymous_5)","decl":{"start":{"line":73,"column":28},"end":{"line":73,"column":35}},"loc":{"start":{"line":73,"column":68},"end":{"line":106,"column":null}},"line":73},"6":{"name":"(anonymous_6)","decl":{"start":{"line":112,"column":35},"end":{"line":112,"column":42}},"loc":{"start":{"line":112,"column":80},"end":{"line":132,"column":null}},"line":112},"7":{"name":"(anonymous_7)","decl":{"start":{"line":124,"column":47},"end":{"line":124,"column":48}},"loc":{"start":{"line":124,"column":55},"end":{"line":124,"column":71}},"line":124},"8":{"name":"(anonymous_8)","decl":{"start":{"line":138,"column":33},"end":{"line":138,"column":45}},"loc":{"start":{"line":138,"column":45},"end":{"line":140,"column":null}},"line":138},"9":{"name":"(anonymous_9)","decl":{"start":{"line":145,"column":28},"end":{"line":145,"column":42}},"loc":{"start":{"line":145,"column":42},"end":{"line":147,"column":null}},"line":145}},"branchMap":{"0":{"loc":{"start":{"line":38,"column":2},"end":{"line":40,"column":null}},"type":"if","locations":[{"start":{"line":38,"column":2},"end":{"line":40,"column":null}},{"start":{},"end":{}}],"line":38},"1":{"loc":{"start":{"line":50,"column":2},"end":{"line":50,"column":null}},"type":"default-arg","locations":[{"start":{"line":50,"column":12},"end":{"line":50,"column":null}}],"line":50},"2":{"loc":{"start":{"line":55,"column":4},"end":{"line":57,"column":null}},"type":"if","locations":[{"start":{"line":55,"column":4},"end":{"line":57,"column":null}},{"start":{},"end":{}}],"line":55},"3":{"loc":{"start":{"line":61,"column":4},"end":{"line":64,"column":null}},"type":"if","locations":[{"start":{"line":61,"column":4},"end":{"line":64,"column":null}},{"start":{},"end":{}}],"line":61},"4":{"loc":{"start":{"line":75,"column":2},"end":{"line":77,"column":null}},"type":"if","locations":[{"start":{"line":75,"column":2},"end":{"line":77,"column":null}},{"start":{},"end":{}}],"line":75},"5":{"loc":{"start":{"line":80,"column":2},"end":{"line":84,"column":null}},"type":"if","locations":[{"start":{"line":80,"column":2},"end":{"line":84,"column":null}},{"start":{},"end":{}}],"line":80},"6":{"loc":{"start":{"line":80,"column":6},"end":{"line":80,"column":44}},"type":"binary-expr","locations":[{"start":{"line":80,"column":6},"end":{"line":80,"column":26}},{"start":{"line":80,"column":26},"end":{"line":80,"column":44}}],"line":80},"7":{"loc":{"start":{"line":103,"column":40},"end":{"line":103,"column":96}},"type":"cond-expr","locations":[{"start":{"line":103,"column":65},"end":{"line":103,"column":81}},{"start":{"line":103,"column":81},"end":{"line":103,"column":96}}],"line":103},"8":{"loc":{"start":{"line":113,"column":2},"end":{"line":115,"column":null}},"type":"if","locations":[{"start":{"line":113,"column":2},"end":{"line":115,"column":null}},{"start":{},"end":{}}],"line":113},"9":{"loc":{"start":{"line":113,"column":6},"end":{"line":113,"column":40}},"type":"binary-expr","locations":[{"start":{"line":113,"column":6},"end":{"line":113,"column":19}},{"start":{"line":113,"column":19},"end":{"line":113,"column":40}}],"line":113}},"s":{"0":2,"1":2,"2":17,"3":2,"4":11,"5":11,"6":2,"7":20,"8":20,"9":1,"10":19,"11":2,"12":32,"13":32,"14":20,"15":0,"16":20,"17":12,"18":11,"19":11,"20":1,"21":2,"22":24,"23":1,"24":23,"25":2,"26":21,"27":21,"28":20,"29":20,"30":20,"31":20,"32":2,"33":2,"34":2,"35":5,"36":2,"37":3,"38":3,"39":17,"40":3,"41":16,"42":3,"43":3,"44":1,"45":1,"46":2,"47":10,"48":2,"49":3},"f":{"0":17,"1":11,"2":11,"3":20,"4":32,"5":24,"6":5,"7":16,"8":10,"9":3},"b":{"0":[1,19],"1":[32],"2":[0,20],"3":[11,1],"4":[1,23],"5":[2,21],"6":[23,22],"7":[2,0],"8":[2,3],"9":[5,4]},"meta":{"lastBranch":10,"lastFunction":10,"lastStatement":50,"seen":{"s:15:21:15:Infinity":0,"s:20:21:22:Infinity":1,"f:20:21:20:22":0,"s:21:2:21:Infinity":2,"s:27:14:29:Infinity":3,"f:27:14:27:15":1,"s:28:2:28:Infinity":4,"f:28:21:28:22":2,"s:28:34:28:57":5,"s:34:22:43:Infinity":6,"f:34:22:34:23":3,"s:36:4:36:Infinity":7,"b:38:2:40:Infinity:undefined:undefined:undefined:undefined":0,"s:38:2:40:Infinity":8,"s:39:4:39:Infinity":9,"s:42:2:42:Infinity":10,"s:48:23:67:Infinity":11,"f:48:23:48:Infinity":4,"b:50:12:50:Infinity":1,"s:52:2:66:Infinity":12,"s:53:21:53:Infinity":13,"b:55:4:57:Infinity:undefined:undefined:undefined:undefined":2,"s:55:4:57:Infinity":14,"s:56:6:56:Infinity":15,"s:59:4:59:Infinity":16,"b:61:4:64:Infinity:undefined:undefined:undefined:undefined":3,"s:61:4:64:Infinity":17,"s:62:6:62:Infinity":18,"s:63:6:63:Infinity":19,"s:65:4:65:Infinity":20,"s:73:28:106:Infinity":21,"f:73:28:73:35":5,"b:75:2:77:Infinity:undefined:undefined:undefined:undefined":4,"s:75:2:77:Infinity":22,"s:76:4:76:Infinity":23,"b:80:2:84:Infinity:undefined:undefined:undefined:undefined":5,"s:80:2:84:Infinity":24,"b:80:6:80:26:80:26:80:44":6,"s:81:4:83:Infinity":25,"s:86:2:105:Infinity":26,"s:87:21:87:Infinity":27,"s:88:37:88:Infinity":28,"s:90:29:94:Infinity":29,"s:97:4:97:Infinity":30,"s:99:4:99:Infinity":31,"s:101:4:101:Infinity":32,"s:102:4:104:Infinity":33,"b:103:65:103:81:103:81:103:96":7,"s:112:35:132:Infinity":34,"f:112:35:112:42":6,"b:113:2:115:Infinity:undefined:undefined:undefined:undefined":8,"s:113:2:115:Infinity":35,"b:113:6:113:19:113:19:113:40":9,"s:114:4:114:Infinity":36,"s:118:22:118:Infinity":37,"s:119:2:121:Infinity":38,"s:120:4:120:Infinity":39,"s:124:19:124:Infinity":40,"f:124:47:124:48":7,"s:124:55:124:71":41,"s:126:2:131:Infinity":42,"s:127:4:127:Infinity":43,"s:129:4:129:Infinity":44,"s:130:4:130:Infinity":45,"s:138:33:140:Infinity":46,"f:138:33:138:45":8,"s:139:2:139:Infinity":47,"s:145:28:147:Infinity":48,"f:145:28:145:42":9,"s:146:2:146:Infinity":49}}}
,"/Users/tn7bijh/Documents/SOLO/MVP/demo-talk-ai/gotta-match-em-all/src/services/storage/local-storage-session.service.ts": {"path":"/Users/tn7bijh/Documents/SOLO/MVP/demo-talk-ai/gotta-match-em-all/src/services/storage/local-storage-session.service.ts","statementMap":{"0":{"start":{"line":3,"column":28},"end":{"line":3,"column":null}},"1":{"start":{"line":14,"column":4},"end":{"line":19,"column":null}},"2":{"start":{"line":15,"column":25},"end":{"line":15,"column":null}},"3":{"start":{"line":16,"column":6},"end":{"line":16,"column":null}},"4":{"start":{"line":18,"column":6},"end":{"line":18,"column":null}},"5":{"start":{"line":26,"column":4},"end":{"line":49,"column":null}},"6":{"start":{"line":27,"column":25},"end":{"line":27,"column":null}},"7":{"start":{"line":28,"column":6},"end":{"line":30,"column":null}},"8":{"start":{"line":29,"column":8},"end":{"line":29,"column":null}},"9":{"start":{"line":32,"column":22},"end":{"line":32,"column":null}},"10":{"start":{"line":35,"column":6},"end":{"line":45,"column":null}},"11":{"start":{"line":40,"column":54},"end":{"line":43,"column":12}},"12":{"start":{"line":47,"column":6},"end":{"line":47,"column":null}},"13":{"start":{"line":48,"column":6},"end":{"line":48,"column":null}},"14":{"start":{"line":56,"column":4},"end":{"line":60,"column":null}},"15":{"start":{"line":57,"column":6},"end":{"line":57,"column":null}},"16":{"start":{"line":59,"column":6},"end":{"line":59,"column":null}},"17":{"start":{"line":67,"column":4},"end":{"line":67,"column":null}},"18":{"start":{"line":72,"column":42},"end":{"line":72,"column":null}}},"fnMap":{"0":{"name":"(anonymous_0)","decl":{"start":{"line":13,"column":2},"end":{"line":13,"column":14}},"loc":{"start":{"line":13,"column":42},"end":{"line":20,"column":null}},"line":13},"1":{"name":"(anonymous_1)","decl":{"start":{"line":25,"column":2},"end":{"line":25,"column":36}},"loc":{"start":{"line":25,"column":36},"end":{"line":50,"column":null}},"line":25},"2":{"name":"(anonymous_2)","decl":{"start":{"line":40,"column":43},"end":{"line":40,"column":44}},"loc":{"start":{"line":40,"column":54},"end":{"line":43,"column":12}},"line":40},"3":{"name":"(anonymous_3)","decl":{"start":{"line":55,"column":2},"end":{"line":55,"column":23}},"loc":{"start":{"line":55,"column":23},"end":{"line":61,"column":null}},"line":55},"4":{"name":"(anonymous_4)","decl":{"start":{"line":66,"column":2},"end":{"line":66,"column":24}},"loc":{"start":{"line":66,"column":24},"end":{"line":68,"column":null}},"line":66}},"branchMap":{"0":{"loc":{"start":{"line":28,"column":6},"end":{"line":30,"column":null}},"type":"if","locations":[{"start":{"line":28,"column":6},"end":{"line":30,"column":null}},{"start":{},"end":{}}],"line":28}},"s":{"0":1,"1":3,"2":3,"3":3,"4":0,"5":2,"6":2,"7":2,"8":2,"9":0,"10":0,"11":0,"12":0,"13":0,"14":0,"15":0,"16":0,"17":0,"18":1},"f":{"0":3,"1":2,"2":0,"3":0,"4":0},"b":{"0":[2,0]},"meta":{"lastBranch":1,"lastFunction":5,"lastStatement":19,"seen":{"s:3:28:3:Infinity":0,"f:13:2:13:14":0,"s:14:4:19:Infinity":1,"s:15:25:15:Infinity":2,"s:16:6:16:Infinity":3,"s:18:6:18:Infinity":4,"f:25:2:25:36":1,"s:26:4:49:Infinity":5,"s:27:25:27:Infinity":6,"b:28:6:30:Infinity:undefined:undefined:undefined:undefined":0,"s:28:6:30:Infinity":7,"s:29:8:29:Infinity":8,"s:32:22:32:Infinity":9,"s:35:6:45:Infinity":10,"f:40:43:40:44":2,"s:40:54:43:12":11,"s:47:6:47:Infinity":12,"s:48:6:48:Infinity":13,"f:55:2:55:23":3,"s:56:4:60:Infinity":14,"s:57:6:57:Infinity":15,"s:59:6:59:Infinity":16,"f:66:2:66:24":4,"s:67:4:67:Infinity":17,"s:72:42:72:Infinity":18}}}
,"/Users/tn7bijh/Documents/SOLO/MVP/demo-talk-ai/gotta-match-em-all/src/store/game-store.ts": {"path":"/Users/tn7bijh/Documents/SOLO/MVP/demo-talk-ai/gotta-match-em-all/src/store/game-store.ts","statementMap":{"0":{"start":{"line":15,"column":28},"end":{"line":22,"column":null}},"1":{"start":{"line":15,"column":67},"end":{"line":22,"column":null}},"2":{"start":{"line":24,"column":32},"end":{"line":34,"column":null}},"3":{"start":{"line":70,"column":13},"end":{"line":249,"column":null}},"4":{"start":{"line":70,"column":61},"end":{"line":249,"column":2}},"5":{"start":{"line":74,"column":25},"end":{"line":74,"column":null}},"6":{"start":{"line":77,"column":4},"end":{"line":82,"column":null}},"7":{"start":{"line":77,"column":20},"end":{"line":82,"column":6}},"8":{"start":{"line":86,"column":4},"end":{"line":92,"column":null}},"9":{"start":{"line":94,"column":25},"end":{"line":94,"column":null}},"10":{"start":{"line":98,"column":4},"end":{"line":118,"column":null}},"11":{"start":{"line":99,"column":6},"end":{"line":101,"column":null}},"12":{"start":{"line":100,"column":8},"end":{"line":100,"column":null}},"13":{"start":{"line":103,"column":6},"end":{"line":105,"column":null}},"14":{"start":{"line":104,"column":8},"end":{"line":104,"column":null}},"15":{"start":{"line":107,"column":19},"end":{"line":107,"column":null}},"16":{"start":{"line":107,"column":43},"end":{"line":107,"column":58}},"17":{"start":{"line":108,"column":6},"end":{"line":110,"column":null}},"18":{"start":{"line":109,"column":8},"end":{"line":109,"column":null}},"19":{"start":{"line":112,"column":6},"end":{"line":117,"column":null}},"20":{"start":{"line":115,"column":10},"end":{"line":115,"column":null}},"21":{"start":{"line":121,"column":4},"end":{"line":125,"column":null}},"22":{"start":{"line":121,"column":20},"end":{"line":125,"column":6}},"23":{"start":{"line":123,"column":8},"end":{"line":123,"column":null}},"24":{"start":{"line":128,"column":4},"end":{"line":149,"column":null}},"25":{"start":{"line":129,"column":28},"end":{"line":129,"column":null}},"26":{"start":{"line":130,"column":21},"end":{"line":130,"column":null}},"27":{"start":{"line":131,"column":12},"end":{"line":131,"column":null}},"28":{"start":{"line":132,"column":21},"end":{"line":132,"column":null}},"29":{"start":{"line":134,"column":6},"end":{"line":148,"column":null}},"30":{"start":{"line":136,"column":10},"end":{"line":138,"column":null}},"31":{"start":{"line":152,"column":4},"end":{"line":159,"column":null}},"32":{"start":{"line":152,"column":20},"end":{"line":159,"column":6}},"33":{"start":{"line":154,"column":8},"end":{"line":156,"column":null}},"34":{"start":{"line":161,"column":35},"end":{"line":161,"column":null}},"35":{"start":{"line":165,"column":4},"end":{"line":167,"column":null}},"36":{"start":{"line":165,"column":20},"end":{"line":167,"column":6}},"37":{"start":{"line":170,"column":4},"end":{"line":179,"column":null}},"38":{"start":{"line":171,"column":28},"end":{"line":171,"column":null}},"39":{"start":{"line":172,"column":6},"end":{"line":178,"column":null}},"40":{"start":{"line":183,"column":4},"end":{"line":191,"column":null}},"41":{"start":{"line":184,"column":21},"end":{"line":184,"column":null}},"42":{"start":{"line":185,"column":6},"end":{"line":190,"column":null}},"43":{"start":{"line":194,"column":4},"end":{"line":202,"column":null}},"44":{"start":{"line":195,"column":21},"end":{"line":195,"column":null}},"45":{"start":{"line":196,"column":6},"end":{"line":201,"column":null}},"46":{"start":{"line":205,"column":4},"end":{"line":213,"column":null}},"47":{"start":{"line":206,"column":21},"end":{"line":206,"column":null}},"48":{"start":{"line":207,"column":6},"end":{"line":212,"column":null}},"49":{"start":{"line":216,"column":4},"end":{"line":224,"column":null}},"50":{"start":{"line":217,"column":21},"end":{"line":217,"column":null}},"51":{"start":{"line":218,"column":6},"end":{"line":223,"column":null}},"52":{"start":{"line":227,"column":19},"end":{"line":227,"column":null}},"53":{"start":{"line":230,"column":4},"end":{"line":243,"column":null}},"54":{"start":{"line":231,"column":26},"end":{"line":231,"column":null}},"55":{"start":{"line":232,"column":26},"end":{"line":232,"column":null}},"56":{"start":{"line":233,"column":6},"end":{"line":242,"column":null}},"57":{"start":{"line":247,"column":4},"end":{"line":247,"column":null}}},"fnMap":{"0":{"name":"(anonymous_0)","decl":{"start":{"line":15,"column":28},"end":{"line":15,"column":29}},"loc":{"start":{"line":15,"column":67},"end":{"line":22,"column":null}},"line":15},"1":{"name":"(anonymous_1)","decl":{"start":{"line":70,"column":46},"end":{"line":70,"column":47}},"loc":{"start":{"line":70,"column":61},"end":{"line":249,"column":2}},"line":70},"2":{"name":"(anonymous_2)","decl":{"start":{"line":74,"column":13},"end":{"line":74,"column":14}},"loc":{"start":{"line":74,"column":25},"end":{"line":74,"column":null}},"line":74},"3":{"name":"(anonymous_3)","decl":{"start":{"line":76,"column":17},"end":{"line":76,"column":18}},"loc":{"start":{"line":77,"column":4},"end":{"line":82,"column":null}},"line":77},"4":{"name":"(anonymous_4)","decl":{"start":{"line":77,"column":8},"end":{"line":77,"column":9}},"loc":{"start":{"line":77,"column":20},"end":{"line":82,"column":6}},"line":77},"5":{"name":"(anonymous_5)","decl":{"start":{"line":85,"column":18},"end":{"line":85,"column":19}},"loc":{"start":{"line":86,"column":4},"end":{"line":92,"column":null}},"line":86},"6":{"name":"(anonymous_6)","decl":{"start":{"line":94,"column":13},"end":{"line":94,"column":14}},"loc":{"start":{"line":94,"column":25},"end":{"line":94,"column":null}},"line":94},"7":{"name":"(anonymous_7)","decl":{"start":{"line":97,"column":14},"end":{"line":97,"column":15}},"loc":{"start":{"line":98,"column":4},"end":{"line":118,"column":null}},"line":98},"8":{"name":"(anonymous_8)","decl":{"start":{"line":98,"column":8},"end":{"line":98,"column":9}},"loc":{"start":{"line":98,"column":19},"end":{"line":118,"column":5}},"line":98},"9":{"name":"(anonymous_9)","decl":{"start":{"line":107,"column":36},"end":{"line":107,"column":37}},"loc":{"start":{"line":107,"column":43},"end":{"line":107,"column":58}},"line":107},"10":{"name":"(anonymous_10)","decl":{"start":{"line":114,"column":31},"end":{"line":114,"column":32}},"loc":{"start":{"line":115,"column":10},"end":{"line":115,"column":null}},"line":115},"11":{"name":"(anonymous_11)","decl":{"start":{"line":120,"column":14},"end":{"line":120,"column":15}},"loc":{"start":{"line":121,"column":4},"end":{"line":125,"column":null}},"line":121},"12":{"name":"(anonymous_12)","decl":{"start":{"line":121,"column":8},"end":{"line":121,"column":9}},"loc":{"start":{"line":121,"column":20},"end":{"line":125,"column":6}},"line":121},"13":{"name":"(anonymous_13)","decl":{"start":{"line":122,"column":29},"end":{"line":122,"column":30}},"loc":{"start":{"line":123,"column":8},"end":{"line":123,"column":null}},"line":123},"14":{"name":"(anonymous_14)","decl":{"start":{"line":127,"column":14},"end":{"line":127,"column":15}},"loc":{"start":{"line":128,"column":4},"end":{"line":149,"column":null}},"line":128},"15":{"name":"(anonymous_15)","decl":{"start":{"line":128,"column":8},"end":{"line":128,"column":9}},"loc":{"start":{"line":128,"column":19},"end":{"line":149,"column":5}},"line":128},"16":{"name":"(anonymous_16)","decl":{"start":{"line":135,"column":31},"end":{"line":135,"column":32}},"loc":{"start":{"line":136,"column":10},"end":{"line":138,"column":null}},"line":136},"17":{"name":"(anonymous_17)","decl":{"start":{"line":151,"column":16},"end":{"line":151,"column":null}},"loc":{"start":{"line":152,"column":4},"end":{"line":159,"column":null}},"line":152},"18":{"name":"(anonymous_18)","decl":{"start":{"line":152,"column":8},"end":{"line":152,"column":9}},"loc":{"start":{"line"
[...]
},"end":{"line":101,"column":null}},"type":"if","locations":[{"start":{"line":99,"column":6},"end":{"line":101,"column":null}},{"start":{},"end":{}}],"line":99},"5":{"loc":{"start":{"line":99,"column":10},"end":{"line":99,"column":65}},"type":"binary-expr","locations":[{"start":{"line":99,"column":10},"end":{"line":99,"column":32}},{"start":{"line":99,"column":32},"end":{"line":99,"column":65}}],"line":99},"6":{"loc":{"start":{"line":103,"column":6},"end":{"line":105,"column":null}},"type":"if","locations":[{"start":{"line":103,"column":6},"end":{"line":105,"column":null}},{"start":{},"end":{}}],"line":103},"7":{"loc":{"start":{"line":108,"column":6},"end":{"line":110,"column":null}},"type":"if","locations":[{"start":{"line":108,"column":6},"end":{"line":110,"column":null}},{"start":{},"end":{}}],"line":108},"8":{"loc":{"start":{"line":108,"column":10},"end":{"line":108,"column":45}},"type":"binary-expr","locations":[{"start":{"line":108,"column":10},"end":{"line":108,"column":19}},{"start":{"line":108,"column":19},"end":{"line":108,"column":45}}],"line":108},"9":{"loc":{"start":{"line":115,"column":10},"end":{"line":115,"column":null}},"type":"cond-expr","locations":[{"start":{"line":115,"column":28},"end":{"line":115,"column":67}},{"start":{"line":115,"column":67},"end":{"line":115,"column":null}}],"line":115},"10":{"loc":{"start":{"line":123,"column":8},"end":{"line":123,"column":null}},"type":"cond-expr","locations":[{"start":{"line":123,"column":29},"end":{"line":123,"column":71}},{"start":{"line":123,"column":71},"end":{"line":123,"column":null}}],"line":123},"11":{"loc":{"start":{"line":136,"column":10},"end":{"line":138,"column":null}},"type":"cond-expr","locations":[{"start":{"line":137,"column":14},"end":{"line":137,"column":null}},{"start":{"line":138,"column":14},"end":{"line":138,"column":null}}],"line":136},"12":{"loc":{"start":{"line":142,"column":9},"end":{"line":142,"column":58}},"type":"cond-expr","locations":[{"start":{"line":142,"column":37},"end":{"line":142,"column":49}},{"start":{"line":142,"column":49},"end":{"line":142,"column":58}}],"line":142},"13":{"loc":{"start":{"line":154,"column":8},"end":{"line":156,"column":null}},"type":"cond-expr","locations":[{"start":{"line":155,"column":12},"end":{"line":155,"column":null}},{"start":{"line":156,"column":12},"end":{"line":156,"column":null}}],"line":154},"14":{"loc":{"start":{"line":166,"column":21},"end":{"line":166,"column":null}},"type":"cond-expr","locations":[{"start":{"line":166,"column":49},"end":{"line":166,"column":53}},{"start":{"line":166,"column":53},"end":{"line":166,"column":null}}],"line":166},"15":{"loc":{"start":{"line":173,"column":9},"end":{"line":173,"column":58}},"type":"cond-expr","locations":[{"start":{"line":173,"column":37},"end":{"line":173,"column":49}},{"start":{"line":173,"column":49},"end":{"line":173,"column":58}}],"line":173},"16":{"loc":{"start":{"line":186,"column":9},"end":{"line":186,"column":47}},"type":"cond-expr","locations":[{"start":{"line":186,"column":26},"end":{"line":186,"column":38}},{"start":{"line":186,"column":38},"end":{"line":186,"column":47}}],"line":186},"17":{"loc":{"start":{"line":197,"column":9},"end":{"line":197,"column":47}},"type":"cond-expr","locations":[{"start":{"line":197,"column":26},"end":{"line":197,"column":38}},{"start":{"line":197,"column":38},"end":{"line":197,"column":47}}],"line":197},"18":{"loc":{"start":{"line":208,"column":9},"end":{"line":208,"column":47}},"type":"cond-expr","locations":[{"start":{"line":208,"column":26},"end":{"line":208,"column":38}},{"start":{"line":208,"column":38},"end":{"line":208,"column":47}}],"line":208},"19":{"loc":{"start":{"line":219,"column":9},"end":{"line":219,"column":47}},"type":"cond-expr","locations":[{"start":{"line":219,"column":26},"end":{"line":219,"column":38}},{"start":{"line":219,"column":38},"end":{"line":219,"column":47}}],"line":219}},"s":{"0":2,"1":6,"2":2,"3":2,"4":2,"5":2,"6":5,"7":5,"8":14,"9":1,"10":8,"11":8,"12":1,"13":7,"14":1,"15":6,"16":8,"17":6,"18":0,"19":6,"20":24,"21":1,"22":1,"23":2,"24":7,"25":7,"26":7,"27":7,"28":7,"29":7,"30":17,"31":0,"32":0,"33":0,"34":0,"35":3,"36":3,"37":2,"38":2,"39":2,"40":0,"41":0,"42":0,"43":0,"44":0,"45":0,"46":0,"47":0,"48":0,"49":0,"50":0,"51":0,"52":21,"53":1,"54":1,"55":1,"56":1,"57":2},"f":{"0":6,"1":2,"2":2,"3":5,"4":5,"5":14,"6":1,"7":8,"8":8,"9":8,"10":24,"11":1,"12":1,"13":2,"14":7,"15":7,"16":17,"17":0,"18":0,"19":0,"20":0,"21":3,"22":3,"23":2,"24":2,"25":0,"26":0,"27":0,"28":0,"29":0,"30":0,"31":0,"32":0,"33":21,"34":1,"35":1,"36":2},"b":{"0":[6,4],"1":[2,2],"2":[3,2],"3":[3,2],"4":[1,7],"5":[8,8],"6":[1,6],"7":[0,6],"8":[6,6],"9":[6,18],"10":[1,1],"11":[13,4],"12":[7,0],"13":[0,0],"14":[2,1],"15":[2,0],"16":[0,0],"17":[0,0],"18":[0,0],"19":[0,0]},"meta":{"lastBranch":20,"lastFunction":37,"lastStatement":58,"seen":{"s:15:28:22:Infinity":0,"f:15:28:15:29":0,"s:15:67:22:Infinity":1,"b:17:8:17:17:17:17:17:Infinity":0,"b:17:28:17:51:17:51:17:Infinity":1,"s:24:32:34:Infinity":2,"s:70:13:249:Infinity":3,"f:70:46:70:47":1,"s:70:61:249:2":4,"f:74:13:74:14":2,"s:74:25:74:Infinity":5,"f:76:17:76:18":3,"s:77:4:82:Infinity":6,"f:77:8:77:9":4,"s:77:20:82:6":7,"b:78:24:78:36:78:36:78:45":2,"b:79:34:79:46:79:46:79:55":3,"f:85:18:85:19":5,"s:86:4:92:Infinity":8,"f:94:13:94:14":6,"s:94:25:94:Infinity":9,"f:97:14:97:15":7,"s:98:4:118:Infinity":10,"f:98:8:98:9":8,"b:99:6:101:Infinity:undefined:undefined:undefined:undefined":4,"s:99:6:101:Infinity":11,"b:99:10:99:32:99:32:99:65":5,"s:100:8:100:Infinity":12,"b:103:6:105:Infinity:undefined:undefined:undefined:undefined":6,"s:103:6:105:Infinity":13,"s:104:8:104:Infinity":14,"s:107:19:107:Infinity":15,"f:107:36:107:37":9,"s:107:43:107:58":16,"b:108:6:110:Infinity:undefined:undefined:undefined:undefined":7,"s:108:6:110:Infinity":17,"b:108:10:108:19:108:19:108:45":8,"s:109:8:109:Infinity":18,"s:112:6:117:Infinity":19,"f:114:31:114:32":10,"s:115:10:115:Infinity":20,"b:115:28:115:67:115:67:115:Infinity":9,"f:120:14:120:15":11,"s:121:4:125:Infinity":21,"f:121:8:121:9":12,"s:121:20:125:6":22,"f:122:29:122:30":13,"s:123:8:123:Infinity":23,"b:123:29:123:71:123:71:123:Infinity":10,"f:127:14:127:15":14,"s:128:4:149:Infinity":24,"f:128:8:128:9":15,"s:129:28:129:Infinity":25,"s:130:21:130:Infinity":26,"s:131:12:131:Infinity":27,"s:132:21:132:Infinity":28,"s:134:6:148:Infinity":29,"f:135:31:135:32":16,"s:136:10:138:Infinity":30,"b:137:14:137:Infinity:138:14:138:Infinity":11,"b:142:37:142:49:142:49:142:58":12,"f:151:16:151:Infinity":17,"s:152:4:159:Infinity":31,"f:152:8:152:9":18,"s:152:20:159:6":32,"f:153:29:153:30":19,"s:154:8:156:Infinity":33,"b:155:12:155:Infinity:156:12:156:Infinity":13,"f:161:17:161:18":20,"s:161:35:161:Infinity":34,"f:164:14:164:Infinity":21,"s:165:4:167:Infinity":35,"f:165:8:165:9":22,"s:165:20:167:6":36,"b:166:49:166:53:166:53:166:Infinity":14,"f:169:14:169:Infinity":23,"s:170:4:179:Infinity":37,"f:170:8:170:9":24,"s:171:28:171:Infinity":38,"s:172:6:178:Infinity":39,"b:173:37:173:49:173:49:173:58":15,"f:182:15:182:16":25,"s:183:4:191:Infinity":40,"f:183:8:183:9":26,"s:184:21:184:Infinity":41,"s:185:6:190:Infinity":42,"b:186:26:186:38:186:38:186:47":16,"f:193:23:193:24":27,"s:194:4:202:Infinity":43,"f:194:8:194:9":28,"s:195:21:195:Infinity":44,"s:196:6:201:Infinity":45,"b:197:26:197:38:197:38:197:47":17,"f:204:19:204:20":29,"s:205:4:213:Infinity":46,"f:205:8:205:9":30,"s:206:21:206:Infinity":47,"s:207:6:212:Infinity":48,"b:208:26:208:38:208:38:208:47":18,"f:215:15:215:16":31,"s:216:4:224:Infinity":49,"f:216:8:216:9":32,"s:217:21:217:Infinity":50,"s:218:6:223:Infinity":51,"b:219:26:219:38:219:38:219:47":19,"f:227:13:227:19":33,"s:227:19:227:Infinity":52,"f:229:19:229:20":34,"s:230:4:243:Infinity":53,"f:230:8:230:9":35,"s:231:26:231:Infinity":54,"s:232:26:232:Infinity":55,"s:233:6:242:Infinity":56,"f:246:6:246:19":36,"s:247:4:247:Infinity":57}}}
,"/Users/tn7bijh/Documents/SOLO/MVP/demo-talk-ai/gotta-match-em-all/src/store/session-store.ts": {"path":"/Users/tn7bijh/Documents/SOLO/MVP/demo-talk-ai/gotta-match-em-all/src/store/session-store.ts","statementMap":{"0":{"start":{"line":10,"column":25},"end":{"line":22,"column":null}},"1":{"start":{"line":10,"column":45},"end":{"line":22,"column":null}},"2":{"start":{"line":50,"column":13},"end":{"line":157,"column":null}},"3":{"start":{"line":50,"column":67},"end":{"line":157,"column":2}},"4":{"start":{"line":54,"column":4},"end":{"line":60,"column":null}},"5":{"start":{"line":62,"column":20},"end":{"line":62,"column":null}},"6":{"start":{"line":65,"column":4},"end":{"line":78,"column":null}},"7":{"start":{"line":72,"column":54},"end":{"line":75,"column":12}},"8":{"start":{"line":81,"column":4},"end":{"line":93,"column":null}},"9":{"start":{"line":82,"column":6},"end":{"line":82,"column":null}},"10":{"start":{"line":82,"column":26},"end":{"line":82,"column":null}},"11":{"start":{"line":84,"column":6},"end":{"line":92,"column":null}},"12":{"start":{"line":96,"column":4},"end":{"line":116,"column":null}},"13":{"start":{"line":97,"column":6},"end":{"line":97,"column":null}},"14":{"start":{"line":97,"column":26},"end":{"line":97,"column":null}},"15":{"start":{"line":99,"column":32},"end":{"line":99,"column":null}},"16":{"start":{"line":101,"column":6},"end":{"line":107,"column":null}},"17":{"start":{"line":102,"column":8},"end":{"line":102,"column":null}},"18":{"start":{"line":103,"column":6},"end":{"line":107,"column":null}},"19":{"start":{"line":104,"column":8},"end":{"line":104,"column":null}},"20":{"start":{"line":106,"column":8},"end":{"line":106,"column":null}},"21":{"start":{"line":109,"column":6},"end":{"line":115,"column":null}},"22":{"start":{"line":119,"column":4},"end":{"line":130,"column":null}},"23":{"start":{"line":120,"column":6},"end":{"line":120,"column":null}},"24":{"start":{"line":120,"column":26},"end":{"line":120,"column":null}},"25":{"start":{"line":122,"column":6},"end":{"line":129,"column":null}},"26":{"start":{"line":132,"column":24},"end":{"line":132,"column":null}},"27":{"start":{"line":136,"column":4},"end":{"line":136,"column":null}},"28":{"start":{"line":140,"column":20},"end":{"line":140,"column":null}},"29":{"start":{"line":141,"column":4},"end":{"line":144,"column":null}},"30":{"start":{"line":148,"column":20},"end":{"line":148,"column":null}},"31":{"start":{"line":149,"column":4},"end":{"line":154,"column":null}}},"fnMap":{"0":{"name":"(anonymous_0)","decl":{"start":{"line":10,"column":25},"end":{"line":10,"column":45}},"loc":{"start":{"line":10,"column":45},"end":{"line":22,"column":null}},"line":10},"1":{"name":"(anonymous_1)","decl":{"start":{"line":50,"column":52},"end":{"line":50,"column":53}},"loc":{"start":{"line":50,"column":67},"end":{"line":157,"column":2}},"line":50},"2":{"name":"(anonymous_2)","decl":{"start":{"line":53,"column":16},"end":{"line":53,"column":17}},"loc":{"start":{"line":54,"column":4},"end":{"line":60,"column":null}},"line":54},"3":{"name":"(anonymous_3)","decl":{"start":{"line":62,"column":14},"end":{"line":62,"column":20}},"loc":{"start":{"line":62,"column":20},"end":{"line":62,"column":null}},"line":62},"4":{"name":"(anonymous_4)","decl":{"start":{"line":64,"column":15},"end":{"line":64,"column":16}},"loc":{"start":{"line":65,"column":4},"end":{"line":78,"column":null}},"line":65},"5":{"name":"(anonymous_5)","decl":{"start":{"line":72,"column":43},"end":{"line":72,"column":44}},"loc":{"start":{"line":72,"column":54},"end":{"line":75,"column":12}},"line":72},"6":{"name":"(anonymous_6)","decl":{"start":{"line":80,"column":20},"end":{"line":80,"column":21}},"loc":{"start":{"line":81,"column":4},"end":{"line":93,"column":null}},"line":81},"7":{"name":"(anonymous_7)","decl":{"start":{"line":81,"column":8},"end":{"line":81,"column":9}},"loc":{"start":{"line":81,"column":19},"end":{"line":93,"column":5}},"line":81},"8":{"name":"(anonymous_8)","decl":{"start":{"line":95,"column":17},"end":{"line":95,"column":18}},"loc":{"start":{"line":96,"column":4},"end":{"line":116,"column":null}},"line":96},"9":{"name":"(anonymous_9)","decl":{"start":{"line":96,"column":8},"end":{"line":96,"column":9}},"loc":{"start":{"line":96,"column":19},"end":{"line":116,"column":5}},"line":96},"10":{"name":"(anonymous_10)","decl":{"start":{"line":118,"column":21},"end":{"line":118,"column":22}},"loc":{"start":{"line":119,"column":4},"end":{"line":130,"column":null}},"line":119},"11":{"name":"(anonymous_11)","decl":{"start":{"line":119,"column":8},"end":{"line":119,"column":9}},"loc":{"start":{"line":119,"column":19},"end":{"line":130,"column":5}},"line":119},"12":{"name":"(anonymous_12)","decl":{"start":{"line":132,"column":18},"end":{"line":132,"column":24}},"loc":{"start":{"line":132,"column":24},"end":{"line":132,"column":null}},"line":132},"13":{"name":"(anonymous_13)","decl":{"start":{"line":135,"column":6},"end":{"line":135,"column":23}},"loc":{"start":{"line":135,"column":23},"end":{"line":137,"column":null}},"line":135},"14":{"name":"(anonymous_14)","decl":{"start":{"line":139,"column":6},"end":{"line":139,"column":20}},"loc":{"start":{"line":139,"column":20},"end":{"line":145,"column":null}},"line":139},"15":{"name":"(anonymous_15)","decl":{"start":{"line":147,"column":6},"end":{"line":147,"column":13}},"loc":{"start":{"line":147,"column":13},"end":{"line":156,"column":null}},"line":147}},"branchMap":{"0":{"loc":{"start":{"line":57,"column":21},"end":{"line":57,"column":null}},"type":"binary-expr","locations":[{"start":{"line":57,"column":21},"end":{"line":57,"column":36}},{"start":{"line":57,"column":36},"end":{"line":57,"column":null}}],"line":57},"1":{"loc":{"start":{"line":58,"column":21},"end":{"line":58,"column":null}},"type":"binary-expr","locations":[{"start":{"line":58,"column":21},"end":{"line":58,"column":36}},{"start":{"line":58,"column":36},"end":{"line":58,"column":null}}],"line":58},"2":{"loc":{"start":{"line":82,"column":6},"end":{"line":82,"column":null}},"type":"if","locations":[{"start":{"line":82,"column":6},"end":{"line":82,"column":null}},{"start":{},"end":{}}],"line":82},"3":{"loc":{"start":{"line":97,"column":6},"end":{"line":97,"column":null}},"type":"if","locations":[{"start":{"line":97,"column":6},"end":{"line":97,"column":null}},{"start":{},"end":{}}],"line":97},"4":{"loc":{"start":{"line":101,"column":6},"end":{"line":107,"column":null}},"type":"if","locations":[{"start":{"line":101,"column":6},"end":{"line":107,"column":null}},{"start":{"line":103,"column":6},"end":{"line":107,"column":null}}],"line":101},"5":{"loc":{"start":{"line":103,"column":6},"end":{"line":107,"column":null}},"type":"if","locations":[{"start":{"line":103,"column":6},"end":{"line":107,"column":null}},{"start":{"line":105,"column":13},"end":{"line":107,"column":null}}],"line":103},"6":{"loc":{"start":{"line":120,"column":6},"end":{"line":120,"column":null}},"type":"if","locations":[{"start":{"line":120,"column":6},"end":{"line":120,"column":null}},{"start":{},"end":{}}],"line":120},"7":{"loc":{"start":{"line":142,"column":15},"end":{"line":142,"column":null}},"type":"binary-expr","locations":[{"start":{"line":142,"column":15},"end":{"line":142,"column":39}},{"start":{"line":142,"column":39},"end":{"line":142,"column":null}}],"line":142},"8":{"loc":{"start":{"line":143,"column":15},"end":{"line":143,"column":null}},"type":"binary-expr","locations":[{"start":{"line":143,"column":15},"end":{"line":143,"column":39}},{"start":{"line":143,"column":39},"end":{"line":143,"column":null}}],"line":143},"9":{"loc":{"start":{"line":150,"column":6},"end":{"line":154,"column":null}},"type":"binary-expr","locations":[{"start":{"line":150,"column":6},"end":{"line":150,"column":23}},{"start":{"line":150,"column":23},"end":{"line":154,"column":null}}],"line":150}},"s":{"0":2,"1":16,"2":2,"3":2,"4":16,"5":18,"6":2,"7":1,"8":5,"9":5,"10":0,"11":5,"12":7,"13":7,"14":0,"15":7,"16":7,"17":3,"18":4,"19":2,"20":2,"21":7,"22":2,"23":2,"24":0,"25":2,"26":2,"27":2,"28":3,"29":3,"30":2,"31":2},"f":{"0":16,"1":2,"2":16,"3":18,"4":2,"5":1,"6":5,"7":5,"8":7,"9":7,"10":2,"11":2,"12":2,"13":2,"14":3,"15":2},"b":{"0":[16,14],"1":[16,14],"2":[0,5],"3":[0,7],"4":[3,4],"5":[2,2],"6":[0,2],"7":[3,3],"8":[3,3],"9":[2,2]},"meta":{"lastBranch":10,"lastFunction":16,"lastStatement":32,"seen":{"s:10:25:22:Infinity":0,"f:10:25:10:45":0,"s:10:45:22:Infinity":1,"s:50:13:157:Infinity":2,"f:50:52:50:53":1,"s:50:67:157:2":3,"f:53:16:53:17":2,"s:54:4:60:Infinity":4,"b:57:21:57:36:57:36:57:Infinity":0,"b:58:21:58:36:58:36:58:Infinity":1,"f:62:14:62:20":3,"s:62:20:62:Infinity":5,"f:64:15:64:16":4,"s:65:4:78:Infinity":6,"f:72:43:72:44":5,"s:72:54:75:12":7,"f:80:20:80:21":6,"s:81:4:93:Infinity":8,"f:81:8:81:9":7,"b:82:6:82:Infinity:undefined:undefined:undefined:undefined":2,"s:82:6:82:Infinity":9,"s:82:26:82:Infinity":10,"s:84:6:92:Infinity":11,"f:95:17:95:18":8,"s:96:4:116:Infinity":12,"f:96:8:96:9":9,"b:97:6:97:Infinity:undefined:undefined:undefined:undefined":3,"s:97:6:97:Infinity":13,"s:97:26:97:Infinity":14,"s:99:32:99:Infinity":15,"b:101:6:107:Infinity:103:6:107:Infinity":4,"s:101:6:107:Infinity":16,"s:102:8:102:Infinity":17,"b:103:6:107:Infinity:105:13:107:Infinity":5,"s:103:6:107:Infinity":18,"s:104:8:104:Infinity":19,"s:106:8:106:Infinity":20,"s:109:6:115:Infinity":21,"f:118:21:118:22":10,"s:119:4:130:Infinity":22,"f:119:8:119:9":11,"b:120:6:120:Infinity:undefined:undefined:undefined:undefined":6,"s:120:6:120:Infinity":23,"s:120:26:120:Infinity":24,"s:122:6:129:Infinity":25,"f:132:18:132:24":12,"s:132:24:132:Infinity":26,"f:135:6:135:23":13,"s:136:4:136:Infinity":27,"f:139:6:139:20":14,"s:140:20:140:Infinity":28,"s:141:4:144:Infinity":29,"b:142:15:142:39:142:39:142:Infinity":7,"b:143:15:143:39:143:39:143:Infinity":8,"f:147:6:147:13":15,"s:148:20:148:Infinity":30,"s:149:4:154:Infinity":31,"b:150:6:150:23:150:23:154:Infinity":9}}}
,"/Users/tn7bijh/Documents/SOLO/MVP/demo-talk-ai/gotta-match-em-all/src/utils/array-helpers.ts": {"path":"/Users/tn7bijh/Documents/SOLO/MVP/demo-talk-ai/gotta-match-em-all/src/utils/array-helpers.ts","statementMap":{"0":{"start":{"line":7,"column":19},"end":{"line":7,"column":null}},"1":{"start":{"line":8,"column":2},"end":{"line":11,"column":null}},"2":{"start":{"line":8,"column":15},"end":{"line":8,"column":36}},"3":{"start":{"line":9,"column":14},"end":{"line":9,"column":null}},"4":{"start":{"line":10,"column":4},"end":{"line":10,"column":null}},"5":{"start":{"line":12,"column":2},"end":{"line":12,"column":null}},"6":{"start":{"line":22,"column":24},"end":{"line":22,"column":null}},"7":{"start":{"line":23,"column":2},"end":{"line":25,"column":null}},"8":{"start":{"line":23,"column":15},"end":{"line":23,"column":18}},"9":{"start":{"line":24,"column":4},"end":{"line":24,"column":null}},"10":{"start":{"line":26,"column":2},"end":{"line":26,"column":null}},"11":{"start":{"line":36,"column":19},"end":{"line":36,"column":null}},"12":{"start":{"line":37,"column":2},"end":{"line":37,"column":null}}},"fnMap":{"0":{"name":"shuffleArray","decl":{"start":{"line":6,"column":16},"end":{"line":6,"column":32}},"loc":{"start":{"line":6,"column":49},"end":{"line":13,"column":null}},"line":6},"1":{"name":"chunkArray","decl":{"start":{"line":21,"column":16},"end":{"line":21,"column":30}},"loc":{"start":{"line":21,"column":63},"end":{"line":27,"column":null}},"line":21},"2":{"name":"getRandomItems","decl":{"start":{"line":35,"column":16},"end":{"line":35,"column":34}},"loc":{"start":{"line":35,"column":66},"end":{"line":38,"column":null}},"line":35}},"branchMap":{},"s":{"0":17,"1":17,"2":17,"3":116,"4":116,"5":17,"6":3,"7":3,"8":3,"9":7,"10":3,"11":4,"12":4},"f":{"0":17,"1":3,"2":4},"b":{},"meta":{"lastBranch":0,"lastFunction":3,"lastStatement":13,"seen":{"f:6:16:6:32":0,"s:7:19:7:Infinity":0,"s:8:2:11:Infinity":1,"s:8:15:8:36":2,"s:9:14:9:Infinity":3,"s:10:4:10:Infinity":4,"s:12:2:12:Infinity":5,"f:21:16:21:30":1,"s:22:24:22:Infinity":6,"s:23:2:25:Infinity":7,"s:23:15:23:18":8,"s:24:4:24:Infinity":9,"s:26:2:26:Infinity":10,"f:35:16:35:34":2,"s:36:19:36:Infinity":11,"s:37:2:37:Infinity":12}}}
}
